  main.cpp
C:\Users\user\Documents\GitHub\CPEEndOfTerm\CPEEndOfTerm\CPEEndOfTerm\main.cpp(100,13): warning C4244: 'initializing': conversion from '__int64' to 'int', possible loss of data
C:\Users\user\Documents\GitHub\CPEEndOfTerm\CPEEndOfTerm\CPEEndOfTerm\main.cpp(213,16): error C2679: binary '>': no operator found which takes a right-hand operand of type 'int' (or there is no acceptable conversion)
C:\Users\user\Documents\GitHub\CPEEndOfTerm\CPEEndOfTerm\CPEEndOfTerm\main.cpp(67,7): message : could be 'bool Card::operator >(const Card &) const'
C:\Program Files\Microsoft Visual Studio\2022\Enterprise\VC\Tools\MSVC\14.37.32822\include\vector(2337,30): message : or       'bool std::operator >(const std::vector<_Ty,_Alloc> &,const std::vector<_Ty,_Alloc> &)'
C:\Users\user\Documents\GitHub\CPEEndOfTerm\CPEEndOfTerm\CPEEndOfTerm\main.cpp(213,16): message : 'bool std::operator >(const std::vector<_Ty,_Alloc> &,const std::vector<_Ty,_Alloc> &)': could not deduce template argument for 'const std::vector<_Ty,_Alloc> &' from '_Ty'
          with
          [
              _Ty=Card
          ]
C:\Program Files\Microsoft Visual Studio\2022\Enterprise\VC\Tools\MSVC\14.37.32822\include\memory(3610,30): message : or       'bool std::operator >(std::nullptr_t,const std::unique_ptr<_Ty,_Dx> &)'
C:\Users\user\Documents\GitHub\CPEEndOfTerm\CPEEndOfTerm\CPEEndOfTerm\main.cpp(213,16): message : 'bool std::operator >(std::nullptr_t,const std::unique_ptr<_Ty,_Dx> &)': could not deduce template argument for 'const std::unique_ptr<_Ty,_Dx> &' from 'int'
C:\Program Files\Microsoft Visual Studio\2022\Enterprise\VC\Tools\MSVC\14.37.32822\include\memory(3605,30): message : or       'bool std::operator >(const std::unique_ptr<_Ty,_Dx> &,std::nullptr_t)'
C:\Users\user\Documents\GitHub\CPEEndOfTerm\CPEEndOfTerm\CPEEndOfTerm\main.cpp(213,16): message : 'bool std::operator >(const std::unique_ptr<_Ty,_Dx> &,std::nullptr_t)': could not deduce template argument for 'const std::unique_ptr<_Ty,_Dx> &' from '_Ty'
          with
          [
              _Ty=Card
          ]
C:\Program Files\Microsoft Visual Studio\2022\Enterprise\VC\Tools\MSVC\14.37.32822\include\memory(3538,17): message : or       'bool std::operator >(const std::unique_ptr<_Ty,_Dx> &,const std::unique_ptr<_Ty2,_Dx2> &)'
C:\Users\user\Documents\GitHub\CPEEndOfTerm\CPEEndOfTerm\CPEEndOfTerm\main.cpp(213,16): message : 'bool std::operator >(const std::unique_ptr<_Ty,_Dx> &,const std::unique_ptr<_Ty2,_Dx2> &)': could not deduce template argument for 'const std::unique_ptr<_Ty,_Dx> &' from '_Ty'
          with
          [
              _Ty=Card
          ]
C:\Program Files\Microsoft Visual Studio\2022\Enterprise\VC\Tools\MSVC\14.37.32822\include\memory(1972,17): message : or       'bool std::operator >(std::nullptr_t,const std::shared_ptr<_Ty> &) noexcept'
C:\Users\user\Documents\GitHub\CPEEndOfTerm\CPEEndOfTerm\CPEEndOfTerm\main.cpp(213,16): message : 'bool std::operator >(std::nullptr_t,const std::shared_ptr<_Ty> &) noexcept': could not deduce template argument for 'const std::shared_ptr<_Ty> &' from 'int'
C:\Program Files\Microsoft Visual Studio\2022\Enterprise\VC\Tools\MSVC\14.37.32822\include\memory(1967,17): message : or       'bool std::operator >(const std::shared_ptr<_Ty> &,std::nullptr_t) noexcept'
C:\Users\user\Documents\GitHub\CPEEndOfTerm\CPEEndOfTerm\CPEEndOfTerm\main.cpp(213,16): message : 'bool std::operator >(const std::shared_ptr<_Ty> &,std::nullptr_t) noexcept': could not deduce template argument for 'const std::shared_ptr<_Ty> &' from '_Ty'
          with
          [
              _Ty=Card
          ]
C:\Program Files\Microsoft Visual Studio\2022\Enterprise\VC\Tools\MSVC\14.37.32822\include\memory(1910,17): message : or       'bool std::operator >(const std::shared_ptr<_Ty> &,const std::shared_ptr<_Ty0> &) noexcept'
C:\Users\user\Documents\GitHub\CPEEndOfTerm\CPEEndOfTerm\CPEEndOfTerm\main.cpp(213,16): message : 'bool std::operator >(const std::shared_ptr<_Ty> &,const std::shared_ptr<_Ty0> &) noexcept': could not deduce template argument for 'const std::shared_ptr<_Ty> &' from '_Ty'
          with
          [
              _Ty=Card
          ]
C:\Program Files\Microsoft Visual Studio\2022\Enterprise\VC\Tools\MSVC\14.37.32822\include\xstring(5082,17): message : or       'bool std::operator >(const std::basic_string<_Elem,_Traits,_Alloc> &,const _Elem *const )'
C:\Users\user\Documents\GitHub\CPEEndOfTerm\CPEEndOfTerm\CPEEndOfTerm\main.cpp(213,16): message : 'bool std::operator >(const std::basic_string<_Elem,_Traits,_Alloc> &,const _Elem *const )': could not deduce template argument for 'const std::basic_string<_Elem,_Traits,_Alloc> &' from '_Ty'
          with
          [
              _Ty=Card
          ]
C:\Program Files\Microsoft Visual Studio\2022\Enterprise\VC\Tools\MSVC\14.37.32822\include\xstring(5077,17): message : or       'bool std::operator >(const _Elem *const ,const std::basic_string<_Elem,_Traits,_Alloc> &)'
C:\Users\user\Documents\GitHub\CPEEndOfTerm\CPEEndOfTerm\CPEEndOfTerm\main.cpp(213,16): message : 'bool std::operator >(const _Elem *const ,const std::basic_string<_Elem,_Traits,_Alloc> &)': could not deduce template argument for 'const _Elem *const ' from '_Ty'
          with
          [
              _Ty=Card
          ]
C:\Program Files\Microsoft Visual Studio\2022\Enterprise\VC\Tools\MSVC\14.37.32822\include\xstring(5071,17): message : or       'bool std::operator >(const std::basic_string<_Elem,_Traits,_Alloc> &,const std::basic_string<_Elem,_Traits,_Alloc> &) noexcept'
C:\Users\user\Documents\GitHub\CPEEndOfTerm\CPEEndOfTerm\CPEEndOfTerm\main.cpp(213,16): message : 'bool std::operator >(const std::basic_string<_Elem,_Traits,_Alloc> &,const std::basic_string<_Elem,_Traits,_Alloc> &) noexcept': could not deduce template argument for 'const std::basic_string<_Elem,_Traits,_Alloc> &' from '_Ty'
          with
          [
              _Ty=Card
          ]
C:\Program Files\Microsoft Visual Studio\2022\Enterprise\VC\Tools\MSVC\14.37.32822\include\xutility(4301,30): message : or       'bool std::operator >(const std::move_iterator<_Iter> &,const std::move_iterator<_Iter2> &) noexcept(<expr>)'
C:\Users\user\Documents\GitHub\CPEEndOfTerm\CPEEndOfTerm\CPEEndOfTerm\main.cpp(213,16): message : 'bool std::operator >(const std::move_iterator<_Iter> &,const std::move_iterator<_Iter2> &) noexcept(<expr>)': could not deduce template argument for 'const std::move_iterator<_Iter> &' from '_Ty'
          with
          [
              _Ty=Card
          ]
C:\Program Files\Microsoft Visual Studio\2022\Enterprise\VC\Tools\MSVC\14.37.32822\include\xutility(1701,5): message : or       'bool std::operator >(const std::reverse_iterator<_BidIt> &,const std::reverse_iterator<_BidIt2> &) noexcept(<expr>)'
C:\Users\user\Documents\GitHub\CPEEndOfTerm\CPEEndOfTerm\CPEEndOfTerm\main.cpp(213,16): message : 'bool std::operator >(const std::reverse_iterator<_BidIt> &,const std::reverse_iterator<_BidIt2> &) noexcept(<expr>)': could not deduce template argument for 'const std::reverse_iterator<_BidIt> &' from '_Ty'
          with
          [
              _Ty=Card
          ]
C:\Program Files\Microsoft Visual Studio\2022\Enterprise\VC\Tools\MSVC\14.37.32822\include\utility(510,27): message : or       'bool std::operator >(const std::pair<_Ty1,_Ty2> &,const std::pair<_Uty1,_Uty2> &)'
C:\Users\user\Documents\GitHub\CPEEndOfTerm\CPEEndOfTerm\CPEEndOfTerm\main.cpp(213,16): message : 'bool std::operator >(const std::pair<_Ty1,_Ty2> &,const std::pair<_Uty1,_Uty2> &)': could not deduce template argument for 'const std::pair<_Ty1,_Ty2> &' from '_Ty'
          with
          [
              _Ty=Card
          ]
C:\Users\user\Documents\GitHub\CPEEndOfTerm\CPEEndOfTerm\CPEEndOfTerm\main.cpp(213,16): message : while trying to match the argument list '(_Ty, int)'
          with
          [
              _Ty=Card
          ]
C:\Users\user\Documents\GitHub\CPEEndOfTerm\CPEEndOfTerm\CPEEndOfTerm\main.cpp(217,24): error C2440: '=': cannot convert from '_Ty' to 'int'
          with
          [
              _Ty=Card
          ]
C:\Users\user\Documents\GitHub\CPEEndOfTerm\CPEEndOfTerm\CPEEndOfTerm\main.cpp(217,24): message : No user-defined-conversion operator available that can perform this conversion, or the operator cannot be called
C:\Users\user\Documents\GitHub\CPEEndOfTerm\CPEEndOfTerm\CPEEndOfTerm\main.cpp(225,17): error C2440: '=': cannot convert from '_Ty' to 'int'
          with
          [
              _Ty=Card
          ]
C:\Users\user\Documents\GitHub\CPEEndOfTerm\CPEEndOfTerm\CPEEndOfTerm\main.cpp(225,17): message : No user-defined-conversion operator available that can perform this conversion, or the operator cannot be called
C:\Users\user\Documents\GitHub\CPEEndOfTerm\CPEEndOfTerm\CPEEndOfTerm\main.cpp(227,20): error C2676: binary '==': '_Ty' does not define this operator or a conversion to a type acceptable to the predefined operator
          with
          [
              _Ty=Card
          ]
C:\Program Files\Microsoft Visual Studio\2022\Enterprise\VC\Tools\MSVC\14.37.32822\include\vector(2221,30): message : could be 'bool std::operator ==(const std::vector<_Ty,_Alloc> &,const std::vector<_Ty,_Alloc> &)'
C:\Users\user\Documents\GitHub\CPEEndOfTerm\CPEEndOfTerm\CPEEndOfTerm\main.cpp(227,18): message : 'bool std::operator ==(const std::vector<_Ty,_Alloc> &,const std::vector<_Ty,_Alloc> &)': could not deduce template argument for 'const std::vector<_Ty,_Alloc> &' from '_Ty'
          with
          [
              _Ty=Card
          ]
C:\Program Files\Microsoft Visual Studio\2022\Enterprise\VC\Tools\MSVC\14.37.32822\include\memory(3567,17): message : or       'bool std::operator ==(std::nullptr_t,const std::unique_ptr<_Ty,_Dx> &) noexcept'
C:\Users\user\Documents\GitHub\CPEEndOfTerm\CPEEndOfTerm\CPEEndOfTerm\main.cpp(227,18): message : 'bool std::operator ==(std::nullptr_t,const std::unique_ptr<_Ty,_Dx> &) noexcept': could not deduce template argument for 'const std::unique_ptr<_Ty,_Dx> &' from 'int'
C:\Program Files\Microsoft Visual Studio\2022\Enterprise\VC\Tools\MSVC\14.37.32822\include\memory(3561,30): message : or       'bool std::operator ==(const std::unique_ptr<_Ty,_Dx> &,std::nullptr_t) noexcept'
C:\Users\user\Documents\GitHub\CPEEndOfTerm\CPEEndOfTerm\CPEEndOfTerm\main.cpp(227,18): message : 'bool std::operator ==(const std::unique_ptr<_Ty,_Dx> &,std::nullptr_t) noexcept': could not deduce template argument for 'const std::unique_ptr<_Ty,_Dx> &' from '_Ty'
          with
          [
              _Ty=Card
          ]
C:\Program Files\Microsoft Visual Studio\2022\Enterprise\VC\Tools\MSVC\14.37.32822\include\memory(3513,30): message : or       'bool std::operator ==(const std::unique_ptr<_Ty,_Dx> &,const std::unique_ptr<_Ty2,_Dx2> &)'
C:\Users\user\Documents\GitHub\CPEEndOfTerm\CPEEndOfTerm\CPEEndOfTerm\main.cpp(227,18): message : 'bool std::operator ==(const std::unique_ptr<_Ty,_Dx> &,const std::unique_ptr<_Ty2,_Dx2> &)': could not deduce template argument for 'const std::unique_ptr<_Ty,_Dx> &' from '_Ty'
          with
          [
              _Ty=Card
          ]
C:\Program Files\Microsoft Visual Studio\2022\Enterprise\VC\Tools\MSVC\14.37.32822\include\memory(1932,17): message : or       'bool std::operator ==(std::nullptr_t,const std::shared_ptr<_Ty> &) noexcept'
C:\Users\user\Documents\GitHub\CPEEndOfTerm\CPEEndOfTerm\CPEEndOfTerm\main.cpp(227,18): message : 'bool std::operator ==(std::nullptr_t,const std::shared_ptr<_Ty> &) noexcept': could not deduce template argument for 'const std::shared_ptr<_Ty> &' from 'int'
C:\Program Files\Microsoft Visual Studio\2022\Enterprise\VC\Tools\MSVC\14.37.32822\include\memory(1921,17): message : or       'bool std::operator ==(const std::shared_ptr<_Ty> &,std::nullptr_t) noexcept'
C:\Users\user\Documents\GitHub\CPEEndOfTerm\CPEEndOfTerm\CPEEndOfTerm\main.cpp(227,18): message : 'bool std::operator ==(const std::shared_ptr<_Ty> &,std::nullptr_t) noexcept': could not deduce template argument for 'const std::shared_ptr<_Ty> &' from '_Ty'
          with
          [
              _Ty=Card
          ]
C:\Program Files\Microsoft Visual Studio\2022\Enterprise\VC\Tools\MSVC\14.37.32822\include\memory(1879,17): message : or       'bool std::operator ==(const std::shared_ptr<_Ty> &,const std::shared_ptr<_Ty0> &) noexcept'
C:\Users\user\Documents\GitHub\CPEEndOfTerm\CPEEndOfTerm\CPEEndOfTerm\main.cpp(227,18): message : 'bool std::operator ==(const std::shared_ptr<_Ty> &,const std::shared_ptr<_Ty0> &) noexcept': could not deduce template argument for 'const std::shared_ptr<_Ty> &' from '_Ty'
          with
          [
              _Ty=Card
          ]
C:\Program Files\Microsoft Visual Studio\2022\Enterprise\VC\Tools\MSVC\14.37.32822\include\xstring(5034,17): message : or       'bool std::operator ==(const _Elem *const ,const std::basic_string<_Elem,_Traits,_Alloc> &)'
C:\Users\user\Documents\GitHub\CPEEndOfTerm\CPEEndOfTerm\CPEEndOfTerm\main.cpp(227,18): message : 'bool std::operator ==(const _Elem *const ,const std::basic_string<_Elem,_Traits,_Alloc> &)': could not deduce template argument for 'const _Elem *const ' from '_Ty'
          with
          [
              _Ty=Card
          ]
C:\Program Files\Microsoft Visual Studio\2022\Enterprise\VC\Tools\MSVC\14.37.32822\include\xstring(5015,30): message : or       'bool std::operator ==(const std::basic_string<_Elem,_Traits,_Alloc> &,const _Elem *const )'
C:\Users\user\Documents\GitHub\CPEEndOfTerm\CPEEndOfTerm\CPEEndOfTerm\main.cpp(227,18): message : 'bool std::operator ==(const std::basic_string<_Elem,_Traits,_Alloc> &,const _Elem *const )': could not deduce template argument for 'const std::basic_string<_Elem,_Traits,_Alloc> &' from '_Ty'
          with
          [
              _Ty=Card
          ]
C:\Program Files\Microsoft Visual Studio\2022\Enterprise\VC\Tools\MSVC\14.37.32822\include\xstring(5009,30): message : or       'bool std::operator ==(const std::basic_string<_Elem,_Traits,_Alloc> &,const std::basic_string<_Elem,_Traits,_Alloc> &) noexcept'
C:\Users\user\Documents\GitHub\CPEEndOfTerm\CPEEndOfTerm\CPEEndOfTerm\main.cpp(227,18): message : 'bool std::operator ==(const std::basic_string<_Elem,_Traits,_Alloc> &,const std::basic_string<_Elem,_Traits,_Alloc> &) noexcept': could not deduce template argument for 'const std::basic_string<_Elem,_Traits,_Alloc> &' from '_Ty'
          with
          [
              _Ty=Card
          ]
C:\Program Files\Microsoft Visual Studio\2022\Enterprise\VC\Tools\MSVC\14.37.32822\include\xmemory(1034,30): message : or       'bool std::operator ==(const std::allocator<_Ty> &,const std::allocator<_Other> &) noexcept'
C:\Users\user\Documents\GitHub\CPEEndOfTerm\CPEEndOfTerm\CPEEndOfTerm\main.cpp(227,18): message : 'bool std::operator ==(const std::allocator<_Ty> &,const std::allocator<_Other> &) noexcept': could not deduce template argument for 'const std::allocator<_Ty> &' from '_Ty'
          with
          [
              _Ty=Card
          ]
C:\Program Files\Microsoft Visual Studio\2022\Enterprise\VC\Tools\MSVC\14.37.32822\include\iterator(489,17): message : or       'bool std::operator ==(const std::istreambuf_iterator<_Elem,_Traits> &,const std::istreambuf_iterator<_Elem,_Traits> &)'
C:\Users\user\Documents\GitHub\CPEEndOfTerm\CPEEndOfTerm\CPEEndOfTerm\main.cpp(227,18): message : 'bool std::operator ==(const std::istreambuf_iterator<_Elem,_Traits> &,const std::istreambuf_iterator<_Elem,_Traits> &)': could not deduce template argument for 'const std::istreambuf_iterator<_Elem,_Traits> &' from '_Ty'
          with
          [
              _Ty=Card
          ]
C:\Program Files\Microsoft Visual Studio\2022\Enterprise\VC\Tools\MSVC\14.37.32822\include\iterator(307,17): message : or       'bool std::operator ==(const std::istream_iterator<_Ty,_Elem,_Traits,_Diff> &,const std::istream_iterator<_Ty,_Elem,_Traits,_Diff> &) noexcept'
C:\Users\user\Documents\GitHub\CPEEndOfTerm\CPEEndOfTerm\CPEEndOfTerm\main.cpp(227,18): message : 'bool std::operator ==(const std::istream_iterator<_Ty,_Elem,_Traits,_Diff> &,const std::istream_iterator<_Ty,_Elem,_Traits,_Diff> &) noexcept': could not deduce template argument for 'const std::istream_iterator<_Ty,_Elem,_Traits,_Diff> &' from '_Ty'
          with
          [
              _Ty=Card
          ]
C:\Program Files\Microsoft Visual Studio\2022\Enterprise\VC\Tools\MSVC\14.37.32822\include\xutility(4264,5): message : or       'bool std::operator ==(const std::move_iterator<_Iter> &,const std::move_iterator<_Iter2> &) noexcept(<expr>)'
C:\Users\user\Documents\GitHub\CPEEndOfTerm\CPEEndOfTerm\CPEEndOfTerm\main.cpp(227,18): message : 'bool std::operator ==(const std::move_iterator<_Iter> &,const std::move_iterator<_Iter2> &) noexcept(<expr>)': could not deduce template argument for 'const std::move_iterator<_Iter> &' from '_Ty'
          with
          [
              _Ty=Card
          ]
C:\Program Files\Microsoft Visual Studio\2022\Enterprise\VC\Tools\MSVC\14.37.32822\include\xutility(1656,5): message : or       'bool std::operator ==(const std::reverse_iterator<_BidIt> &,const std::reverse_iterator<_BidIt2> &) noexcept(<expr>)'
C:\Users\user\Documents\GitHub\CPEEndOfTerm\CPEEndOfTerm\CPEEndOfTerm\main.cpp(227,18): message : 'bool std::operator ==(const std::reverse_iterator<_BidIt> &,const std::reverse_iterator<_BidIt2> &) noexcept(<expr>)': could not deduce template argument for 'const std::reverse_iterator<_BidIt> &' from '_Ty'
          with
          [
              _Ty=Card
          ]
C:\Program Files\Microsoft Visual Studio\2022\Enterprise\VC\Tools\MSVC\14.37.32822\include\utility(482,27): message : or       'bool std::operator ==(const std::pair<_Ty1,_Ty2> &,const std::pair<_Uty1,_Uty2> &)'
C:\Users\user\Documents\GitHub\CPEEndOfTerm\CPEEndOfTerm\CPEEndOfTerm\main.cpp(227,18): message : 'bool std::operator ==(const std::pair<_Ty1,_Ty2> &,const std::pair<_Uty1,_Uty2> &)': could not deduce template argument for 'const std::pair<_Ty1,_Ty2> &' from '_Ty'
          with
          [
              _Ty=Card
          ]
C:\Users\user\Documents\GitHub\CPEEndOfTerm\CPEEndOfTerm\CPEEndOfTerm\main.cpp(243,17): error C2440: '=': cannot convert from '_Ty' to 'int'
          with
          [
              _Ty=Card
          ]
C:\Users\user\Documents\GitHub\CPEEndOfTerm\CPEEndOfTerm\CPEEndOfTerm\main.cpp(243,17): message : No user-defined-conversion operator available that can perform this conversion, or the operator cannot be called
C:\Users\user\Documents\GitHub\CPEEndOfTerm\CPEEndOfTerm\CPEEndOfTerm\main.cpp(245,20): error C2676: binary '==': '_Ty' does not define this operator or a conversion to a type acceptable to the predefined operator
          with
          [
              _Ty=Card
          ]
C:\Program Files\Microsoft Visual Studio\2022\Enterprise\VC\Tools\MSVC\14.37.32822\include\vector(2221,30): message : could be 'bool std::operator ==(const std::vector<_Ty,_Alloc> &,const std::vector<_Ty,_Alloc> &)'
C:\Users\user\Documents\GitHub\CPEEndOfTerm\CPEEndOfTerm\CPEEndOfTerm\main.cpp(245,18): message : 'bool std::operator ==(const std::vector<_Ty,_Alloc> &,const std::vector<_Ty,_Alloc> &)': could not deduce template argument for 'const std::vector<_Ty,_Alloc> &' from '_Ty'
          with
          [
              _Ty=Card
          ]
C:\Program Files\Microsoft Visual Studio\2022\Enterprise\VC\Tools\MSVC\14.37.32822\include\memory(3567,17): message : or       'bool std::operator ==(std::nullptr_t,const std::unique_ptr<_Ty,_Dx> &) noexcept'
C:\Users\user\Documents\GitHub\CPEEndOfTerm\CPEEndOfTerm\CPEEndOfTerm\main.cpp(245,18): message : 'bool std::operator ==(std::nullptr_t,const std::unique_ptr<_Ty,_Dx> &) noexcept': could not deduce template argument for 'const std::unique_ptr<_Ty,_Dx> &' from 'int'
C:\Program Files\Microsoft Visual Studio\2022\Enterprise\VC\Tools\MSVC\14.37.32822\include\memory(3561,30): message : or       'bool std::operator ==(const std::unique_ptr<_Ty,_Dx> &,std::nullptr_t) noexcept'
C:\Users\user\Documents\GitHub\CPEEndOfTerm\CPEEndOfTerm\CPEEndOfTerm\main.cpp(245,18): message : 'bool std::operator ==(const std::unique_ptr<_Ty,_Dx> &,std::nullptr_t) noexcept': could not deduce template argument for 'const std::unique_ptr<_Ty,_Dx> &' from '_Ty'
          with
          [
              _Ty=Card
          ]
C:\Program Files\Microsoft Visual Studio\2022\Enterprise\VC\Tools\MSVC\14.37.32822\include\memory(3513,30): message : or       'bool std::operator ==(const std::unique_ptr<_Ty,_Dx> &,const std::unique_ptr<_Ty2,_Dx2> &)'
C:\Users\user\Documents\GitHub\CPEEndOfTerm\CPEEndOfTerm\CPEEndOfTerm\main.cpp(245,18): message : 'bool std::operator ==(const std::unique_ptr<_Ty,_Dx> &,const std::unique_ptr<_Ty2,_Dx2> &)': could not deduce template argument for 'const std::unique_ptr<_Ty,_Dx> &' from '_Ty'
          with
          [
              _Ty=Card
          ]
C:\Program Files\Microsoft Visual Studio\2022\Enterprise\VC\Tools\MSVC\14.37.32822\include\memory(1932,17): message : or       'bool std::operator ==(std::nullptr_t,const std::shared_ptr<_Ty> &) noexcept'
C:\Users\user\Documents\GitHub\CPEEndOfTerm\CPEEndOfTerm\CPEEndOfTerm\main.cpp(245,18): message : 'bool std::operator ==(std::nullptr_t,const std::shared_ptr<_Ty> &) noexcept': could not deduce template argument for 'const std::shared_ptr<_Ty> &' from 'int'
C:\Program Files\Microsoft Visual Studio\2022\Enterprise\VC\Tools\MSVC\14.37.32822\include\memory(1921,17): message : or       'bool std::operator ==(const std::shared_ptr<_Ty> &,std::nullptr_t) noexcept'
C:\Users\user\Documents\GitHub\CPEEndOfTerm\CPEEndOfTerm\CPEEndOfTerm\main.cpp(245,18): message : 'bool std::operator ==(const std::shared_ptr<_Ty> &,std::nullptr_t) noexcept': could not deduce template argument for 'const std::shared_ptr<_Ty> &' from '_Ty'
          with
          [
              _Ty=Card
          ]
C:\Program Files\Microsoft Visual Studio\2022\Enterprise\VC\Tools\MSVC\14.37.32822\include\memory(1879,17): message : or       'bool std::operator ==(const std::shared_ptr<_Ty> &,const std::shared_ptr<_Ty0> &) noexcept'
C:\Users\user\Documents\GitHub\CPEEndOfTerm\CPEEndOfTerm\CPEEndOfTerm\main.cpp(245,18): message : 'bool std::operator ==(const std::shared_ptr<_Ty> &,const std::shared_ptr<_Ty0> &) noexcept': could not deduce template argument for 'const std::shared_ptr<_Ty> &' from '_Ty'
          with
          [
              _Ty=Card
          ]
C:\Program Files\Microsoft Visual Studio\2022\Enterprise\VC\Tools\MSVC\14.37.32822\include\xstring(5034,17): message : or       'bool std::operator ==(const _Elem *const ,const std::basic_string<_Elem,_Traits,_Alloc> &)'
C:\Users\user\Documents\GitHub\CPEEndOfTerm\CPEEndOfTerm\CPEEndOfTerm\main.cpp(245,18): message : 'bool std::operator ==(const _Elem *const ,const std::basic_string<_Elem,_Traits,_Alloc> &)': could not deduce template argument for 'const _Elem *const ' from '_Ty'
          with
          [
              _Ty=Card
          ]
C:\Program Files\Microsoft Visual Studio\2022\Enterprise\VC\Tools\MSVC\14.37.32822\include\xstring(5015,30): message : or       'bool std::operator ==(const std::basic_string<_Elem,_Traits,_Alloc> &,const _Elem *const )'
C:\Users\user\Documents\GitHub\CPEEndOfTerm\CPEEndOfTerm\CPEEndOfTerm\main.cpp(245,18): message : 'bool std::operator ==(const std::basic_string<_Elem,_Traits,_Alloc> &,const _Elem *const )': could not deduce template argument for 'const std::basic_string<_Elem,_Traits,_Alloc> &' from '_Ty'
          with
          [
              _Ty=Card
          ]
C:\Program Files\Microsoft Visual Studio\2022\Enterprise\VC\Tools\MSVC\14.37.32822\include\xstring(5009,30): message : or       'bool std::operator ==(const std::basic_string<_Elem,_Traits,_Alloc> &,const std::basic_string<_Elem,_Traits,_Alloc> &) noexcept'
C:\Users\user\Documents\GitHub\CPEEndOfTerm\CPEEndOfTerm\CPEEndOfTerm\main.cpp(245,18): message : 'bool std::operator ==(const std::basic_string<_Elem,_Traits,_Alloc> &,const std::basic_string<_Elem,_Traits,_Alloc> &) noexcept': could not deduce template argument for 'const std::basic_string<_Elem,_Traits,_Alloc> &' from '_Ty'
          with
          [
              _Ty=Card
          ]
C:\Program Files\Microsoft Visual Studio\2022\Enterprise\VC\Tools\MSVC\14.37.32822\include\xmemory(1034,30): message : or       'bool std::operator ==(const std::allocator<_Ty> &,const std::allocator<_Other> &) noexcept'
C:\Users\user\Documents\GitHub\CPEEndOfTerm\CPEEndOfTerm\CPEEndOfTerm\main.cpp(245,18): message : 'bool std::operator ==(const std::allocator<_Ty> &,const std::allocator<_Other> &) noexcept': could not deduce template argument for 'const std::allocator<_Ty> &' from '_Ty'
          with
          [
              _Ty=Card
          ]
C:\Program Files\Microsoft Visual Studio\2022\Enterprise\VC\Tools\MSVC\14.37.32822\include\iterator(489,17): message : or       'bool std::operator ==(const std::istreambuf_iterator<_Elem,_Traits> &,const std::istreambuf_iterator<_Elem,_Traits> &)'
C:\Users\user\Documents\GitHub\CPEEndOfTerm\CPEEndOfTerm\CPEEndOfTerm\main.cpp(245,18): message : 'bool std::operator ==(const std::istreambuf_iterator<_Elem,_Traits> &,const std::istreambuf_iterator<_Elem,_Traits> &)': could not deduce template argument for 'const std::istreambuf_iterator<_Elem,_Traits> &' from '_Ty'
          with
          [
              _Ty=Card
          ]
C:\Program Files\Microsoft Visual Studio\2022\Enterprise\VC\Tools\MSVC\14.37.32822\include\iterator(307,17): message : or       'bool std::operator ==(const std::istream_iterator<_Ty,_Elem,_Traits,_Diff> &,const std::istream_iterator<_Ty,_Elem,_Traits,_Diff> &) noexcept'
C:\Users\user\Documents\GitHub\CPEEndOfTerm\CPEEndOfTerm\CPEEndOfTerm\main.cpp(245,18): message : 'bool std::operator ==(const std::istream_iterator<_Ty,_Elem,_Traits,_Diff> &,const std::istream_iterator<_Ty,_Elem,_Traits,_Diff> &) noexcept': could not deduce template argument for 'const std::istream_iterator<_Ty,_Elem,_Traits,_Diff> &' from '_Ty'
          with
          [
              _Ty=Card
          ]
C:\Program Files\Microsoft Visual Studio\2022\Enterprise\VC\Tools\MSVC\14.37.32822\include\xutility(4264,5): message : or       'bool std::operator ==(const std::move_iterator<_Iter> &,const std::move_iterator<_Iter2> &) noexcept(<expr>)'
C:\Users\user\Documents\GitHub\CPEEndOfTerm\CPEEndOfTerm\CPEEndOfTerm\main.cpp(245,18): message : 'bool std::operator ==(const std::move_iterator<_Iter> &,const std::move_iterator<_Iter2> &) noexcept(<expr>)': could not deduce template argument for 'const std::move_iterator<_Iter> &' from '_Ty'
          with
          [
              _Ty=Card
          ]
C:\Program Files\Microsoft Visual Studio\2022\Enterprise\VC\Tools\MSVC\14.37.32822\include\xutility(1656,5): message : or       'bool std::operator ==(const std::reverse_iterator<_BidIt> &,const std::reverse_iterator<_BidIt2> &) noexcept(<expr>)'
C:\Users\user\Documents\GitHub\CPEEndOfTerm\CPEEndOfTerm\CPEEndOfTerm\main.cpp(245,18): message : 'bool std::operator ==(const std::reverse_iterator<_BidIt> &,const std::reverse_iterator<_BidIt2> &) noexcept(<expr>)': could not deduce template argument for 'const std::reverse_iterator<_BidIt> &' from '_Ty'
          with
          [
              _Ty=Card
          ]
C:\Program Files\Microsoft Visual Studio\2022\Enterprise\VC\Tools\MSVC\14.37.32822\include\utility(482,27): message : or       'bool std::operator ==(const std::pair<_Ty1,_Ty2> &,const std::pair<_Uty1,_Uty2> &)'
C:\Users\user\Documents\GitHub\CPEEndOfTerm\CPEEndOfTerm\CPEEndOfTerm\main.cpp(245,18): message : 'bool std::operator ==(const std::pair<_Ty1,_Ty2> &,const std::pair<_Uty1,_Uty2> &)': could not deduce template argument for 'const std::pair<_Ty1,_Ty2> &' from '_Ty'
          with
          [
              _Ty=Card
          ]
C:\Users\user\Documents\GitHub\CPEEndOfTerm\CPEEndOfTerm\CPEEndOfTerm\main.cpp(260,17): error C2440: '=': cannot convert from '_Ty' to 'int'
          with
          [
              _Ty=Card
          ]
C:\Users\user\Documents\GitHub\CPEEndOfTerm\CPEEndOfTerm\CPEEndOfTerm\main.cpp(260,17): message : No user-defined-conversion operator available that can perform this conversion, or the operator cannot be called
C:\Users\user\Documents\GitHub\CPEEndOfTerm\CPEEndOfTerm\CPEEndOfTerm\main.cpp(262,20): error C2676: binary '==': '_Ty' does not define this operator or a conversion to a type acceptable to the predefined operator
          with
          [
              _Ty=Card
          ]
C:\Program Files\Microsoft Visual Studio\2022\Enterprise\VC\Tools\MSVC\14.37.32822\include\vector(2221,30): message : could be 'bool std::operator ==(const std::vector<_Ty,_Alloc> &,const std::vector<_Ty,_Alloc> &)'
C:\Users\user\Documents\GitHub\CPEEndOfTerm\CPEEndOfTerm\CPEEndOfTerm\main.cpp(262,18): message : 'bool std::operator ==(const std::vector<_Ty,_Alloc> &,const std::vector<_Ty,_Alloc> &)': could not deduce template argument for 'const std::vector<_Ty,_Alloc> &' from '_Ty'
          with
          [
              _Ty=Card
          ]
C:\Program Files\Microsoft Visual Studio\2022\Enterprise\VC\Tools\MSVC\14.37.32822\include\memory(3567,17): message : or       'bool std::operator ==(std::nullptr_t,const std::unique_ptr<_Ty,_Dx> &) noexcept'
C:\Users\user\Documents\GitHub\CPEEndOfTerm\CPEEndOfTerm\CPEEndOfTerm\main.cpp(262,18): message : 'bool std::operator ==(std::nullptr_t,const std::unique_ptr<_Ty,_Dx> &) noexcept': could not deduce template argument for 'const std::unique_ptr<_Ty,_Dx> &' from 'int'
C:\Program Files\Microsoft Visual Studio\2022\Enterprise\VC\Tools\MSVC\14.37.32822\include\memory(3561,30): message : or       'bool std::operator ==(const std::unique_ptr<_Ty,_Dx> &,std::nullptr_t) noexcept'
C:\Users\user\Documents\GitHub\CPEEndOfTerm\CPEEndOfTerm\CPEEndOfTerm\main.cpp(262,18): message : 'bool std::operator ==(const std::unique_ptr<_Ty,_Dx> &,std::nullptr_t) noexcept': could not deduce template argument for 'const std::unique_ptr<_Ty,_Dx> &' from '_Ty'
          with
          [
              _Ty=Card
          ]
C:\Program Files\Microsoft Visual Studio\2022\Enterprise\VC\Tools\MSVC\14.37.32822\include\memory(3513,30): message : or       'bool std::operator ==(const std::unique_ptr<_Ty,_Dx> &,const std::unique_ptr<_Ty2,_Dx2> &)'
C:\Users\user\Documents\GitHub\CPEEndOfTerm\CPEEndOfTerm\CPEEndOfTerm\main.cpp(262,18): message : 'bool std::operator ==(const std::unique_ptr<_Ty,_Dx> &,const std::unique_ptr<_Ty2,_Dx2> &)': could not deduce template argument for 'const std::unique_ptr<_Ty,_Dx> &' from '_Ty'
          with
          [
              _Ty=Card
          ]
C:\Program Files\Microsoft Visual Studio\2022\Enterprise\VC\Tools\MSVC\14.37.32822\include\memory(1932,17): message : or       'bool std::operator ==(std::nullptr_t,const std::shared_ptr<_Ty> &) noexcept'
C:\Users\user\Documents\GitHub\CPEEndOfTerm\CPEEndOfTerm\CPEEndOfTerm\main.cpp(262,18): message : 'bool std::operator ==(std::nullptr_t,const std::shared_ptr<_Ty> &) noexcept': could not deduce template argument for 'const std::shared_ptr<_Ty> &' from 'int'
C:\Program Files\Microsoft Visual Studio\2022\Enterprise\VC\Tools\MSVC\14.37.32822\include\memory(1921,17): message : or       'bool std::operator ==(const std::shared_ptr<_Ty> &,std::nullptr_t) noexcept'
C:\Users\user\Documents\GitHub\CPEEndOfTerm\CPEEndOfTerm\CPEEndOfTerm\main.cpp(262,18): message : 'bool std::operator ==(const std::shared_ptr<_Ty> &,std::nullptr_t) noexcept': could not deduce template argument for 'const std::shared_ptr<_Ty> &' from '_Ty'
          with
          [
              _Ty=Card
          ]
C:\Program Files\Microsoft Visual Studio\2022\Enterprise\VC\Tools\MSVC\14.37.32822\include\memory(1879,17): message : or       'bool std::operator ==(const std::shared_ptr<_Ty> &,const std::shared_ptr<_Ty0> &) noexcept'
C:\Users\user\Documents\GitHub\CPEEndOfTerm\CPEEndOfTerm\CPEEndOfTerm\main.cpp(262,18): message : 'bool std::operator ==(const std::shared_ptr<_Ty> &,const std::shared_ptr<_Ty0> &) noexcept': could not deduce template argument for 'const std::shared_ptr<_Ty> &' from '_Ty'
          with
          [
              _Ty=Card
          ]
C:\Program Files\Microsoft Visual Studio\2022\Enterprise\VC\Tools\MSVC\14.37.32822\include\xstring(5034,17): message : or       'bool std::operator ==(const _Elem *const ,const std::basic_string<_Elem,_Traits,_Alloc> &)'
C:\Users\user\Documents\GitHub\CPEEndOfTerm\CPEEndOfTerm\CPEEndOfTerm\main.cpp(262,18): message : 'bool std::operator ==(const _Elem *const ,const std::basic_string<_Elem,_Traits,_Alloc> &)': could not deduce template argument for 'const _Elem *const ' from '_Ty'
          with
          [
              _Ty=Card
          ]
C:\Program Files\Microsoft Visual Studio\2022\Enterprise\VC\Tools\MSVC\14.37.32822\include\xstring(5015,30): message : or       'bool std::operator ==(const std::basic_string<_Elem,_Traits,_Alloc> &,const _Elem *const )'
C:\Users\user\Documents\GitHub\CPEEndOfTerm\CPEEndOfTerm\CPEEndOfTerm\main.cpp(262,18): message : 'bool std::operator ==(const std::basic_string<_Elem,_Traits,_Alloc> &,const _Elem *const )': could not deduce template argument for 'const std::basic_string<_Elem,_Traits,_Alloc> &' from '_Ty'
          with
          [
              _Ty=Card
          ]
C:\Program Files\Microsoft Visual Studio\2022\Enterprise\VC\Tools\MSVC\14.37.32822\include\xstring(5009,30): message : or       'bool std::operator ==(const std::basic_string<_Elem,_Traits,_Alloc> &,const std::basic_string<_Elem,_Traits,_Alloc> &) noexcept'
C:\Users\user\Documents\GitHub\CPEEndOfTerm\CPEEndOfTerm\CPEEndOfTerm\main.cpp(262,18): message : 'bool std::operator ==(const std::basic_string<_Elem,_Traits,_Alloc> &,const std::basic_string<_Elem,_Traits,_Alloc> &) noexcept': could not deduce template argument for 'const std::basic_string<_Elem,_Traits,_Alloc> &' from '_Ty'
          with
          [
              _Ty=Card
          ]
C:\Program Files\Microsoft Visual Studio\2022\Enterprise\VC\Tools\MSVC\14.37.32822\include\xmemory(1034,30): message : or       'bool std::operator ==(const std::allocator<_Ty> &,const std::allocator<_Other> &) noexcept'
C:\Users\user\Documents\GitHub\CPEEndOfTerm\CPEEndOfTerm\CPEEndOfTerm\main.cpp(262,18): message : 'bool std::operator ==(const std::allocator<_Ty> &,const std::allocator<_Other> &) noexcept': could not deduce template argument for 'const std::allocator<_Ty> &' from '_Ty'
          with
          [
              _Ty=Card
          ]
C:\Program Files\Microsoft Visual Studio\2022\Enterprise\VC\Tools\MSVC\14.37.32822\include\iterator(489,17): message : or       'bool std::operator ==(const std::istreambuf_iterator<_Elem,_Traits> &,const std::istreambuf_iterator<_Elem,_Traits> &)'
C:\Users\user\Documents\GitHub\CPEEndOfTerm\CPEEndOfTerm\CPEEndOfTerm\main.cpp(262,18): message : 'bool std::operator ==(const std::istreambuf_iterator<_Elem,_Traits> &,const std::istreambuf_iterator<_Elem,_Traits> &)': could not deduce template argument for 'const std::istreambuf_iterator<_Elem,_Traits> &' from '_Ty'
          with
          [
              _Ty=Card
          ]
C:\Program Files\Microsoft Visual Studio\2022\Enterprise\VC\Tools\MSVC\14.37.32822\include\iterator(307,17): message : or       'bool std::operator ==(const std::istream_iterator<_Ty,_Elem,_Traits,_Diff> &,const std::istream_iterator<_Ty,_Elem,_Traits,_Diff> &) noexcept'
C:\Users\user\Documents\GitHub\CPEEndOfTerm\CPEEndOfTerm\CPEEndOfTerm\main.cpp(262,18): message : 'bool std::operator ==(const std::istream_iterator<_Ty,_Elem,_Traits,_Diff> &,const std::istream_iterator<_Ty,_Elem,_Traits,_Diff> &) noexcept': could not deduce template argument for 'const std::istream_iterator<_Ty,_Elem,_Traits,_Diff> &' from '_Ty'
          with
          [
              _Ty=Card
          ]
C:\Program Files\Microsoft Visual Studio\2022\Enterprise\VC\Tools\MSVC\14.37.32822\include\xutility(4264,5): message : or       'bool std::operator ==(const std::move_iterator<_Iter> &,const std::move_iterator<_Iter2> &) noexcept(<expr>)'
C:\Users\user\Documents\GitHub\CPEEndOfTerm\CPEEndOfTerm\CPEEndOfTerm\main.cpp(262,18): message : 'bool std::operator ==(const std::move_iterator<_Iter> &,const std::move_iterator<_Iter2> &) noexcept(<expr>)': could not deduce template argument for 'const std::move_iterator<_Iter> &' from '_Ty'
          with
          [
              _Ty=Card
          ]
C:\Program Files\Microsoft Visual Studio\2022\Enterprise\VC\Tools\MSVC\14.37.32822\include\xutility(1656,5): message : or       'bool std::operator ==(const std::reverse_iterator<_BidIt> &,const std::reverse_iterator<_BidIt2> &) noexcept(<expr>)'
C:\Users\user\Documents\GitHub\CPEEndOfTerm\CPEEndOfTerm\CPEEndOfTerm\main.cpp(262,18): message : 'bool std::operator ==(const std::reverse_iterator<_BidIt> &,const std::reverse_iterator<_BidIt2> &) noexcept(<expr>)': could not deduce template argument for 'const std::reverse_iterator<_BidIt> &' from '_Ty'
          with
          [
              _Ty=Card
          ]
C:\Program Files\Microsoft Visual Studio\2022\Enterprise\VC\Tools\MSVC\14.37.32822\include\utility(482,27): message : or       'bool std::operator ==(const std::pair<_Ty1,_Ty2> &,const std::pair<_Uty1,_Uty2> &)'
C:\Users\user\Documents\GitHub\CPEEndOfTerm\CPEEndOfTerm\CPEEndOfTerm\main.cpp(262,18): message : 'bool std::operator ==(const std::pair<_Ty1,_Ty2> &,const std::pair<_Uty1,_Uty2> &)': could not deduce template argument for 'const std::pair<_Ty1,_Ty2> &' from '_Ty'
          with
          [
              _Ty=Card
          ]
C:\Users\user\Documents\GitHub\CPEEndOfTerm\CPEEndOfTerm\CPEEndOfTerm\main.cpp(276,16): error C2440: '=': cannot convert from '_Ty' to 'int'
          with
          [
              _Ty=Card
          ]
C:\Users\user\Documents\GitHub\CPEEndOfTerm\CPEEndOfTerm\CPEEndOfTerm\main.cpp(276,16): message : No user-defined-conversion operator available that can perform this conversion, or the operator cannot be called
C:\Users\user\Documents\GitHub\CPEEndOfTerm\CPEEndOfTerm\CPEEndOfTerm\main.cpp(281,20): error C2676: binary '==': '_Ty' does not define this operator or a conversion to a type acceptable to the predefined operator
          with
          [
              _Ty=Card
          ]
C:\Program Files\Microsoft Visual Studio\2022\Enterprise\VC\Tools\MSVC\14.37.32822\include\vector(2221,30): message : could be 'bool std::operator ==(const std::vector<_Ty,_Alloc> &,const std::vector<_Ty,_Alloc> &)'
C:\Users\user\Documents\GitHub\CPEEndOfTerm\CPEEndOfTerm\CPEEndOfTerm\main.cpp(281,18): message : 'bool std::operator ==(const std::vector<_Ty,_Alloc> &,const std::vector<_Ty,_Alloc> &)': could not deduce template argument for 'const std::vector<_Ty,_Alloc> &' from '_Ty'
          with
          [
              _Ty=Card
          ]
C:\Program Files\Microsoft Visual Studio\2022\Enterprise\VC\Tools\MSVC\14.37.32822\include\memory(3567,17): message : or       'bool std::operator ==(std::nullptr_t,const std::unique_ptr<_Ty,_Dx> &) noexcept'
C:\Users\user\Documents\GitHub\CPEEndOfTerm\CPEEndOfTerm\CPEEndOfTerm\main.cpp(281,18): message : 'bool std::operator ==(std::nullptr_t,const std::unique_ptr<_Ty,_Dx> &) noexcept': could not deduce template argument for 'const std::unique_ptr<_Ty,_Dx> &' from 'int'
C:\Program Files\Microsoft Visual Studio\2022\Enterprise\VC\Tools\MSVC\14.37.32822\include\memory(3561,30): message : or       'bool std::operator ==(const std::unique_ptr<_Ty,_Dx> &,std::nullptr_t) noexcept'
C:\Users\user\Documents\GitHub\CPEEndOfTerm\CPEEndOfTerm\CPEEndOfTerm\main.cpp(281,18): message : 'bool std::operator ==(const std::unique_ptr<_Ty,_Dx> &,std::nullptr_t) noexcept': could not deduce template argument for 'const std::unique_ptr<_Ty,_Dx> &' from '_Ty'
          with
          [
              _Ty=Card
          ]
C:\Program Files\Microsoft Visual Studio\2022\Enterprise\VC\Tools\MSVC\14.37.32822\include\memory(3513,30): message : or       'bool std::operator ==(const std::unique_ptr<_Ty,_Dx> &,const std::unique_ptr<_Ty2,_Dx2> &)'
C:\Users\user\Documents\GitHub\CPEEndOfTerm\CPEEndOfTerm\CPEEndOfTerm\main.cpp(281,18): message : 'bool std::operator ==(const std::unique_ptr<_Ty,_Dx> &,const std::unique_ptr<_Ty2,_Dx2> &)': could not deduce template argument for 'const std::unique_ptr<_Ty,_Dx> &' from '_Ty'
          with
          [
              _Ty=Card
          ]
C:\Program Files\Microsoft Visual Studio\2022\Enterprise\VC\Tools\MSVC\14.37.32822\include\memory(1932,17): message : or       'bool std::operator ==(std::nullptr_t,const std::shared_ptr<_Ty> &) noexcept'
C:\Users\user\Documents\GitHub\CPEEndOfTerm\CPEEndOfTerm\CPEEndOfTerm\main.cpp(281,18): message : 'bool std::operator ==(std::nullptr_t,const std::shared_ptr<_Ty> &) noexcept': could not deduce template argument for 'const std::shared_ptr<_Ty> &' from 'int'
C:\Program Files\Microsoft Visual Studio\2022\Enterprise\VC\Tools\MSVC\14.37.32822\include\memory(1921,17): message : or       'bool std::operator ==(const std::shared_ptr<_Ty> &,std::nullptr_t) noexcept'
C:\Users\user\Documents\GitHub\CPEEndOfTerm\CPEEndOfTerm\CPEEndOfTerm\main.cpp(281,18): message : 'bool std::operator ==(const std::shared_ptr<_Ty> &,std::nullptr_t) noexcept': could not deduce template argument for 'const std::shared_ptr<_Ty> &' from '_Ty'
          with
          [
              _Ty=Card
          ]
C:\Program Files\Microsoft Visual Studio\2022\Enterprise\VC\Tools\MSVC\14.37.32822\include\memory(1879,17): message : or       'bool std::operator ==(const std::shared_ptr<_Ty> &,const std::shared_ptr<_Ty0> &) noexcept'
C:\Users\user\Documents\GitHub\CPEEndOfTerm\CPEEndOfTerm\CPEEndOfTerm\main.cpp(281,18): message : 'bool std::operator ==(const std::shared_ptr<_Ty> &,const std::shared_ptr<_Ty0> &) noexcept': could not deduce template argument for 'const std::shared_ptr<_Ty> &' from '_Ty'
          with
          [
              _Ty=Card
          ]
C:\Program Files\Microsoft Visual Studio\2022\Enterprise\VC\Tools\MSVC\14.37.32822\include\xstring(5034,17): message : or       'bool std::operator ==(const _Elem *const ,const std::basic_string<_Elem,_Traits,_Alloc> &)'
C:\Users\user\Documents\GitHub\CPEEndOfTerm\CPEEndOfTerm\CPEEndOfTerm\main.cpp(281,18): message : 'bool std::operator ==(const _Elem *const ,const std::basic_string<_Elem,_Traits,_Alloc> &)': could not deduce template argument for 'const _Elem *const ' from '_Ty'
          with
          [
              _Ty=Card
          ]
C:\Program Files\Microsoft Visual Studio\2022\Enterprise\VC\Tools\MSVC\14.37.32822\include\xstring(5015,30): message : or       'bool std::operator ==(const std::basic_string<_Elem,_Traits,_Alloc> &,const _Elem *const )'
C:\Users\user\Documents\GitHub\CPEEndOfTerm\CPEEndOfTerm\CPEEndOfTerm\main.cpp(281,18): message : 'bool std::operator ==(const std::basic_string<_Elem,_Traits,_Alloc> &,const _Elem *const )': could not deduce template argument for 'const std::basic_string<_Elem,_Traits,_Alloc> &' from '_Ty'
          with
          [
              _Ty=Card
          ]
C:\Program Files\Microsoft Visual Studio\2022\Enterprise\VC\Tools\MSVC\14.37.32822\include\xstring(5009,30): message : or       'bool std::operator ==(const std::basic_string<_Elem,_Traits,_Alloc> &,const std::basic_string<_Elem,_Traits,_Alloc> &) noexcept'
C:\Users\user\Documents\GitHub\CPEEndOfTerm\CPEEndOfTerm\CPEEndOfTerm\main.cpp(281,18): message : 'bool std::operator ==(const std::basic_string<_Elem,_Traits,_Alloc> &,const std::basic_string<_Elem,_Traits,_Alloc> &) noexcept': could not deduce template argument for 'const std::basic_string<_Elem,_Traits,_Alloc> &' from '_Ty'
          with
          [
              _Ty=Card
          ]
C:\Program Files\Microsoft Visual Studio\2022\Enterprise\VC\Tools\MSVC\14.37.32822\include\xmemory(1034,30): message : or       'bool std::operator ==(const std::allocator<_Ty> &,const std::allocator<_Other> &) noexcept'
C:\Users\user\Documents\GitHub\CPEEndOfTerm\CPEEndOfTerm\CPEEndOfTerm\main.cpp(281,18): message : 'bool std::operator ==(const std::allocator<_Ty> &,const std::allocator<_Other> &) noexcept': could not deduce template argument for 'const std::allocator<_Ty> &' from '_Ty'
          with
          [
              _Ty=Card
          ]
C:\Program Files\Microsoft Visual Studio\2022\Enterprise\VC\Tools\MSVC\14.37.32822\include\iterator(489,17): message : or       'bool std::operator ==(const std::istreambuf_iterator<_Elem,_Traits> &,const std::istreambuf_iterator<_Elem,_Traits> &)'
C:\Users\user\Documents\GitHub\CPEEndOfTerm\CPEEndOfTerm\CPEEndOfTerm\main.cpp(281,18): message : 'bool std::operator ==(const std::istreambuf_iterator<_Elem,_Traits> &,const std::istreambuf_iterator<_Elem,_Traits> &)': could not deduce template argument for 'const std::istreambuf_iterator<_Elem,_Traits> &' from '_Ty'
          with
          [
              _Ty=Card
          ]
C:\Program Files\Microsoft Visual Studio\2022\Enterprise\VC\Tools\MSVC\14.37.32822\include\iterator(307,17): message : or       'bool std::operator ==(const std::istream_iterator<_Ty,_Elem,_Traits,_Diff> &,const std::istream_iterator<_Ty,_Elem,_Traits,_Diff> &) noexcept'
C:\Users\user\Documents\GitHub\CPEEndOfTerm\CPEEndOfTerm\CPEEndOfTerm\main.cpp(281,18): message : 'bool std::operator ==(const std::istream_iterator<_Ty,_Elem,_Traits,_Diff> &,const std::istream_iterator<_Ty,_Elem,_Traits,_Diff> &) noexcept': could not deduce template argument for 'const std::istream_iterator<_Ty,_Elem,_Traits,_Diff> &' from '_Ty'
          with
          [
              _Ty=Card
          ]
C:\Program Files\Microsoft Visual Studio\2022\Enterprise\VC\Tools\MSVC\14.37.32822\include\xutility(4264,5): message : or       'bool std::operator ==(const std::move_iterator<_Iter> &,const std::move_iterator<_Iter2> &) noexcept(<expr>)'
C:\Users\user\Documents\GitHub\CPEEndOfTerm\CPEEndOfTerm\CPEEndOfTerm\main.cpp(281,18): message : 'bool std::operator ==(const std::move_iterator<_Iter> &,const std::move_iterator<_Iter2> &) noexcept(<expr>)': could not deduce template argument for 'const std::move_iterator<_Iter> &' from '_Ty'
          with
          [
              _Ty=Card
          ]
C:\Program Files\Microsoft Visual Studio\2022\Enterprise\VC\Tools\MSVC\14.37.32822\include\xutility(1656,5): message : or       'bool std::operator ==(const std::reverse_iterator<_BidIt> &,const std::reverse_iterator<_BidIt2> &) noexcept(<expr>)'
C:\Users\user\Documents\GitHub\CPEEndOfTerm\CPEEndOfTerm\CPEEndOfTerm\main.cpp(281,18): message : 'bool std::operator ==(const std::reverse_iterator<_BidIt> &,const std::reverse_iterator<_BidIt2> &) noexcept(<expr>)': could not deduce template argument for 'const std::reverse_iterator<_BidIt> &' from '_Ty'
          with
          [
              _Ty=Card
          ]
C:\Program Files\Microsoft Visual Studio\2022\Enterprise\VC\Tools\MSVC\14.37.32822\include\utility(482,27): message : or       'bool std::operator ==(const std::pair<_Ty1,_Ty2> &,const std::pair<_Uty1,_Uty2> &)'
C:\Users\user\Documents\GitHub\CPEEndOfTerm\CPEEndOfTerm\CPEEndOfTerm\main.cpp(281,18): message : 'bool std::operator ==(const std::pair<_Ty1,_Ty2> &,const std::pair<_Uty1,_Uty2> &)': could not deduce template argument for 'const std::pair<_Ty1,_Ty2> &' from '_Ty'
          with
          [
              _Ty=Card
          ]
C:\Users\user\Documents\GitHub\CPEEndOfTerm\CPEEndOfTerm\CPEEndOfTerm\main.cpp(296,18): error C2440: '=': cannot convert from '_Ty' to 'int'
          with
          [
              _Ty=Card
          ]
C:\Users\user\Documents\GitHub\CPEEndOfTerm\CPEEndOfTerm\CPEEndOfTerm\main.cpp(296,18): message : No user-defined-conversion operator available that can perform this conversion, or the operator cannot be called
C:\Users\user\Documents\GitHub\CPEEndOfTerm\CPEEndOfTerm\CPEEndOfTerm\main.cpp(298,21): error C2676: binary '==': '_Ty' does not define this operator or a conversion to a type acceptable to the predefined operator
          with
          [
              _Ty=Card
          ]
C:\Program Files\Microsoft Visual Studio\2022\Enterprise\VC\Tools\MSVC\14.37.32822\include\vector(2221,30): message : could be 'bool std::operator ==(const std::vector<_Ty,_Alloc> &,const std::vector<_Ty,_Alloc> &)'
C:\Users\user\Documents\GitHub\CPEEndOfTerm\CPEEndOfTerm\CPEEndOfTerm\main.cpp(298,19): message : 'bool std::operator ==(const std::vector<_Ty,_Alloc> &,const std::vector<_Ty,_Alloc> &)': could not deduce template argument for 'const std::vector<_Ty,_Alloc> &' from '_Ty'
          with
          [
              _Ty=Card
          ]
C:\Program Files\Microsoft Visual Studio\2022\Enterprise\VC\Tools\MSVC\14.37.32822\include\memory(3567,17): message : or       'bool std::operator ==(std::nullptr_t,const std::unique_ptr<_Ty,_Dx> &) noexcept'
C:\Users\user\Documents\GitHub\CPEEndOfTerm\CPEEndOfTerm\CPEEndOfTerm\main.cpp(298,19): message : 'bool std::operator ==(std::nullptr_t,const std::unique_ptr<_Ty,_Dx> &) noexcept': could not deduce template argument for 'const std::unique_ptr<_Ty,_Dx> &' from 'int'
C:\Program Files\Microsoft Visual Studio\2022\Enterprise\VC\Tools\MSVC\14.37.32822\include\memory(3561,30): message : or       'bool std::operator ==(const std::unique_ptr<_Ty,_Dx> &,std::nullptr_t) noexcept'
C:\Users\user\Documents\GitHub\CPEEndOfTerm\CPEEndOfTerm\CPEEndOfTerm\main.cpp(298,19): message : 'bool std::operator ==(const std::unique_ptr<_Ty,_Dx> &,std::nullptr_t) noexcept': could not deduce template argument for 'const std::unique_ptr<_Ty,_Dx> &' from '_Ty'
          with
          [
              _Ty=Card
          ]
C:\Program Files\Microsoft Visual Studio\2022\Enterprise\VC\Tools\MSVC\14.37.32822\include\memory(3513,30): message : or       'bool std::operator ==(const std::unique_ptr<_Ty,_Dx> &,const std::unique_ptr<_Ty2,_Dx2> &)'
C:\Users\user\Documents\GitHub\CPEEndOfTerm\CPEEndOfTerm\CPEEndOfTerm\main.cpp(298,19): message : 'bool std::operator ==(const std::unique_ptr<_Ty,_Dx> &,const std::unique_ptr<_Ty2,_Dx2> &)': could not deduce template argument for 'const std::unique_ptr<_Ty,_Dx> &' from '_Ty'
          with
          [
              _Ty=Card
          ]
C:\Program Files\Microsoft Visual Studio\2022\Enterprise\VC\Tools\MSVC\14.37.32822\include\memory(1932,17): message : or       'bool std::operator ==(std::nullptr_t,const std::shared_ptr<_Ty> &) noexcept'
C:\Users\user\Documents\GitHub\CPEEndOfTerm\CPEEndOfTerm\CPEEndOfTerm\main.cpp(298,19): message : 'bool std::operator ==(std::nullptr_t,const std::shared_ptr<_Ty> &) noexcept': could not deduce template argument for 'const std::shared_ptr<_Ty> &' from 'int'
C:\Program Files\Microsoft Visual Studio\2022\Enterprise\VC\Tools\MSVC\14.37.32822\include\memory(1921,17): message : or       'bool std::operator ==(const std::shared_ptr<_Ty> &,std::nullptr_t) noexcept'
C:\Users\user\Documents\GitHub\CPEEndOfTerm\CPEEndOfTerm\CPEEndOfTerm\main.cpp(298,19): message : 'bool std::operator ==(const std::shared_ptr<_Ty> &,std::nullptr_t) noexcept': could not deduce template argument for 'const std::shared_ptr<_Ty> &' from '_Ty'
          with
          [
              _Ty=Card
          ]
C:\Program Files\Microsoft Visual Studio\2022\Enterprise\VC\Tools\MSVC\14.37.32822\include\memory(1879,17): message : or       'bool std::operator ==(const std::shared_ptr<_Ty> &,const std::shared_ptr<_Ty0> &) noexcept'
C:\Users\user\Documents\GitHub\CPEEndOfTerm\CPEEndOfTerm\CPEEndOfTerm\main.cpp(298,19): message : 'bool std::operator ==(const std::shared_ptr<_Ty> &,const std::shared_ptr<_Ty0> &) noexcept': could not deduce template argument for 'const std::shared_ptr<_Ty> &' from '_Ty'
          with
          [
              _Ty=Card
          ]
C:\Program Files\Microsoft Visual Studio\2022\Enterprise\VC\Tools\MSVC\14.37.32822\include\xstring(5034,17): message : or       'bool std::operator ==(const _Elem *const ,const std::basic_string<_Elem,_Traits,_Alloc> &)'
C:\Users\user\Documents\GitHub\CPEEndOfTerm\CPEEndOfTerm\CPEEndOfTerm\main.cpp(298,19): message : 'bool std::operator ==(const _Elem *const ,const std::basic_string<_Elem,_Traits,_Alloc> &)': could not deduce template argument for 'const _Elem *const ' from '_Ty'
          with
          [
              _Ty=Card
          ]
C:\Program Files\Microsoft Visual Studio\2022\Enterprise\VC\Tools\MSVC\14.37.32822\include\xstring(5015,30): message : or       'bool std::operator ==(const std::basic_string<_Elem,_Traits,_Alloc> &,const _Elem *const )'
C:\Users\user\Documents\GitHub\CPEEndOfTerm\CPEEndOfTerm\CPEEndOfTerm\main.cpp(298,19): message : 'bool std::operator ==(const std::basic_string<_Elem,_Traits,_Alloc> &,const _Elem *const )': could not deduce template argument for 'const std::basic_string<_Elem,_Traits,_Alloc> &' from '_Ty'
          with
          [
              _Ty=Card
          ]
C:\Program Files\Microsoft Visual Studio\2022\Enterprise\VC\Tools\MSVC\14.37.32822\include\xstring(5009,30): message : or       'bool std::operator ==(const std::basic_string<_Elem,_Traits,_Alloc> &,const std::basic_string<_Elem,_Traits,_Alloc> &) noexcept'
C:\Users\user\Documents\GitHub\CPEEndOfTerm\CPEEndOfTerm\CPEEndOfTerm\main.cpp(298,19): message : 'bool std::operator ==(const std::basic_string<_Elem,_Traits,_Alloc> &,const std::basic_string<_Elem,_Traits,_Alloc> &) noexcept': could not deduce template argument for 'const std::basic_string<_Elem,_Traits,_Alloc> &' from '_Ty'
          with
          [
              _Ty=Card
          ]
C:\Program Files\Microsoft Visual Studio\2022\Enterprise\VC\Tools\MSVC\14.37.32822\include\xmemory(1034,30): message : or       'bool std::operator ==(const std::allocator<_Ty> &,const std::allocator<_Other> &) noexcept'
C:\Users\user\Documents\GitHub\CPEEndOfTerm\CPEEndOfTerm\CPEEndOfTerm\main.cpp(298,19): message : 'bool std::operator ==(const std::allocator<_Ty> &,const std::allocator<_Other> &) noexcept': could not deduce template argument for 'const std::allocator<_Ty> &' from '_Ty'
          with
          [
              _Ty=Card
          ]
C:\Program Files\Microsoft Visual Studio\2022\Enterprise\VC\Tools\MSVC\14.37.32822\include\iterator(489,17): message : or       'bool std::operator ==(const std::istreambuf_iterator<_Elem,_Traits> &,const std::istreambuf_iterator<_Elem,_Traits> &)'
C:\Users\user\Documents\GitHub\CPEEndOfTerm\CPEEndOfTerm\CPEEndOfTerm\main.cpp(298,19): message : 'bool std::operator ==(const std::istreambuf_iterator<_Elem,_Traits> &,const std::istreambuf_iterator<_Elem,_Traits> &)': could not deduce template argument for 'const std::istreambuf_iterator<_Elem,_Traits> &' from '_Ty'
          with
          [
              _Ty=Card
          ]
C:\Program Files\Microsoft Visual Studio\2022\Enterprise\VC\Tools\MSVC\14.37.32822\include\iterator(307,17): message : or       'bool std::operator ==(const std::istream_iterator<_Ty,_Elem,_Traits,_Diff> &,const std::istream_iterator<_Ty,_Elem,_Traits,_Diff> &) noexcept'
C:\Users\user\Documents\GitHub\CPEEndOfTerm\CPEEndOfTerm\CPEEndOfTerm\main.cpp(298,19): message : 'bool std::operator ==(const std::istream_iterator<_Ty,_Elem,_Traits,_Diff> &,const std::istream_iterator<_Ty,_Elem,_Traits,_Diff> &) noexcept': could not deduce template argument for 'const std::istream_iterator<_Ty,_Elem,_Traits,_Diff> &' from '_Ty'
          with
          [
              _Ty=Card
          ]
C:\Program Files\Microsoft Visual Studio\2022\Enterprise\VC\Tools\MSVC\14.37.32822\include\xutility(4264,5): message : or       'bool std::operator ==(const std::move_iterator<_Iter> &,const std::move_iterator<_Iter2> &) noexcept(<expr>)'
C:\Users\user\Documents\GitHub\CPEEndOfTerm\CPEEndOfTerm\CPEEndOfTerm\main.cpp(298,19): message : 'bool std::operator ==(const std::move_iterator<_Iter> &,const std::move_iterator<_Iter2> &) noexcept(<expr>)': could not deduce template argument for 'const std::move_iterator<_Iter> &' from '_Ty'
          with
          [
              _Ty=Card
          ]
C:\Program Files\Microsoft Visual Studio\2022\Enterprise\VC\Tools\MSVC\14.37.32822\include\xutility(1656,5): message : or       'bool std::operator ==(const std::reverse_iterator<_BidIt> &,const std::reverse_iterator<_BidIt2> &) noexcept(<expr>)'
C:\Users\user\Documents\GitHub\CPEEndOfTerm\CPEEndOfTerm\CPEEndOfTerm\main.cpp(298,19): message : 'bool std::operator ==(const std::reverse_iterator<_BidIt> &,const std::reverse_iterator<_BidIt2> &) noexcept(<expr>)': could not deduce template argument for 'const std::reverse_iterator<_BidIt> &' from '_Ty'
          with
          [
              _Ty=Card
          ]
C:\Program Files\Microsoft Visual Studio\2022\Enterprise\VC\Tools\MSVC\14.37.32822\include\utility(482,27): message : or       'bool std::operator ==(const std::pair<_Ty1,_Ty2> &,const std::pair<_Uty1,_Uty2> &)'
C:\Users\user\Documents\GitHub\CPEEndOfTerm\CPEEndOfTerm\CPEEndOfTerm\main.cpp(298,19): message : 'bool std::operator ==(const std::pair<_Ty1,_Ty2> &,const std::pair<_Uty1,_Uty2> &)': could not deduce template argument for 'const std::pair<_Ty1,_Ty2> &' from '_Ty'
          with
          [
              _Ty=Card
          ]
C:\Users\user\Documents\GitHub\CPEEndOfTerm\CPEEndOfTerm\CPEEndOfTerm\main.cpp(313,18): error C2440: '=': cannot convert from '_Ty' to 'int'
          with
          [
              _Ty=Card
          ]
C:\Users\user\Documents\GitHub\CPEEndOfTerm\CPEEndOfTerm\CPEEndOfTerm\main.cpp(313,18): message : No user-defined-conversion operator available that can perform this conversion, or the operator cannot be called
C:\Users\user\Documents\GitHub\CPEEndOfTerm\CPEEndOfTerm\CPEEndOfTerm\main.cpp(315,21): error C2676: binary '==': '_Ty' does not define this operator or a conversion to a type acceptable to the predefined operator
          with
          [
              _Ty=Card
          ]
C:\Program Files\Microsoft Visual Studio\2022\Enterprise\VC\Tools\MSVC\14.37.32822\include\vector(2221,30): message : could be 'bool std::operator ==(const std::vector<_Ty,_Alloc> &,const std::vector<_Ty,_Alloc> &)'
C:\Users\user\Documents\GitHub\CPEEndOfTerm\CPEEndOfTerm\CPEEndOfTerm\main.cpp(315,19): message : 'bool std::operator ==(const std::vector<_Ty,_Alloc> &,const std::vector<_Ty,_Alloc> &)': could not deduce template argument for 'const std::vector<_Ty,_Alloc> &' from '_Ty'
          with
          [
              _Ty=Card
          ]
C:\Program Files\Microsoft Visual Studio\2022\Enterprise\VC\Tools\MSVC\14.37.32822\include\memory(3567,17): message : or       'bool std::operator ==(std::nullptr_t,const std::unique_ptr<_Ty,_Dx> &) noexcept'
C:\Users\user\Documents\GitHub\CPEEndOfTerm\CPEEndOfTerm\CPEEndOfTerm\main.cpp(315,19): message : 'bool std::operator ==(std::nullptr_t,const std::unique_ptr<_Ty,_Dx> &) noexcept': could not deduce template argument for 'const std::unique_ptr<_Ty,_Dx> &' from 'int'
C:\Program Files\Microsoft Visual Studio\2022\Enterprise\VC\Tools\MSVC\14.37.32822\include\memory(3561,30): message : or       'bool std::operator ==(const std::unique_ptr<_Ty,_Dx> &,std::nullptr_t) noexcept'
C:\Users\user\Documents\GitHub\CPEEndOfTerm\CPEEndOfTerm\CPEEndOfTerm\main.cpp(315,19): message : 'bool std::operator ==(const std::unique_ptr<_Ty,_Dx> &,std::nullptr_t) noexcept': could not deduce template argument for 'const std::unique_ptr<_Ty,_Dx> &' from '_Ty'
          with
          [
              _Ty=Card
          ]
C:\Program Files\Microsoft Visual Studio\2022\Enterprise\VC\Tools\MSVC\14.37.32822\include\memory(3513,30): message : or       'bool std::operator ==(const std::unique_ptr<_Ty,_Dx> &,const std::unique_ptr<_Ty2,_Dx2> &)'
C:\Users\user\Documents\GitHub\CPEEndOfTerm\CPEEndOfTerm\CPEEndOfTerm\main.cpp(315,19): message : 'bool std::operator ==(const std::unique_ptr<_Ty,_Dx> &,const std::unique_ptr<_Ty2,_Dx2> &)': could not deduce template argument for 'const std::unique_ptr<_Ty,_Dx> &' from '_Ty'
          with
          [
              _Ty=Card
          ]
C:\Program Files\Microsoft Visual Studio\2022\Enterprise\VC\Tools\MSVC\14.37.32822\include\memory(1932,17): message : or       'bool std::operator ==(std::nullptr_t,const std::shared_ptr<_Ty> &) noexcept'
C:\Users\user\Documents\GitHub\CPEEndOfTerm\CPEEndOfTerm\CPEEndOfTerm\main.cpp(315,19): message : 'bool std::operator ==(std::nullptr_t,const std::shared_ptr<_Ty> &) noexcept': could not deduce template argument for 'const std::shared_ptr<_Ty> &' from 'int'
C:\Program Files\Microsoft Visual Studio\2022\Enterprise\VC\Tools\MSVC\14.37.32822\include\memory(1921,17): message : or       'bool std::operator ==(const std::shared_ptr<_Ty> &,std::nullptr_t) noexcept'
C:\Users\user\Documents\GitHub\CPEEndOfTerm\CPEEndOfTerm\CPEEndOfTerm\main.cpp(315,19): message : 'bool std::operator ==(const std::shared_ptr<_Ty> &,std::nullptr_t) noexcept': could not deduce template argument for 'const std::shared_ptr<_Ty> &' from '_Ty'
          with
          [
              _Ty=Card
          ]
C:\Program Files\Microsoft Visual Studio\2022\Enterprise\VC\Tools\MSVC\14.37.32822\include\memory(1879,17): message : or       'bool std::operator ==(const std::shared_ptr<_Ty> &,const std::shared_ptr<_Ty0> &) noexcept'
C:\Users\user\Documents\GitHub\CPEEndOfTerm\CPEEndOfTerm\CPEEndOfTerm\main.cpp(315,19): message : 'bool std::operator ==(const std::shared_ptr<_Ty> &,const std::shared_ptr<_Ty0> &) noexcept': could not deduce template argument for 'const std::shared_ptr<_Ty> &' from '_Ty'
          with
          [
              _Ty=Card
          ]
C:\Program Files\Microsoft Visual Studio\2022\Enterprise\VC\Tools\MSVC\14.37.32822\include\xstring(5034,17): message : or       'bool std::operator ==(const _Elem *const ,const std::basic_string<_Elem,_Traits,_Alloc> &)'
C:\Users\user\Documents\GitHub\CPEEndOfTerm\CPEEndOfTerm\CPEEndOfTerm\main.cpp(315,19): message : 'bool std::operator ==(const _Elem *const ,const std::basic_string<_Elem,_Traits,_Alloc> &)': could not deduce template argument for 'const _Elem *const ' from '_Ty'
          with
          [
              _Ty=Card
          ]
C:\Program Files\Microsoft Visual Studio\2022\Enterprise\VC\Tools\MSVC\14.37.32822\include\xstring(5015,30): message : or       'bool std::operator ==(const std::basic_string<_Elem,_Traits,_Alloc> &,const _Elem *const )'
C:\Users\user\Documents\GitHub\CPEEndOfTerm\CPEEndOfTerm\CPEEndOfTerm\main.cpp(315,19): message : 'bool std::operator ==(const std::basic_string<_Elem,_Traits,_Alloc> &,const _Elem *const )': could not deduce template argument for 'const std::basic_string<_Elem,_Traits,_Alloc> &' from '_Ty'
          with
          [
              _Ty=Card
          ]
C:\Program Files\Microsoft Visual Studio\2022\Enterprise\VC\Tools\MSVC\14.37.32822\include\xstring(5009,30): message : or       'bool std::operator ==(const std::basic_string<_Elem,_Traits,_Alloc> &,const std::basic_string<_Elem,_Traits,_Alloc> &) noexcept'
C:\Users\user\Documents\GitHub\CPEEndOfTerm\CPEEndOfTerm\CPEEndOfTerm\main.cpp(315,19): message : 'bool std::operator ==(const std::basic_string<_Elem,_Traits,_Alloc> &,const std::basic_string<_Elem,_Traits,_Alloc> &) noexcept': could not deduce template argument for 'const std::basic_string<_Elem,_Traits,_Alloc> &' from '_Ty'
          with
          [
              _Ty=Card
          ]
C:\Program Files\Microsoft Visual Studio\2022\Enterprise\VC\Tools\MSVC\14.37.32822\include\xmemory(1034,30): message : or       'bool std::operator ==(const std::allocator<_Ty> &,const std::allocator<_Other> &) noexcept'
C:\Users\user\Documents\GitHub\CPEEndOfTerm\CPEEndOfTerm\CPEEndOfTerm\main.cpp(315,19): message : 'bool std::operator ==(const std::allocator<_Ty> &,const std::allocator<_Other> &) noexcept': could not deduce template argument for 'const std::allocator<_Ty> &' from '_Ty'
          with
          [
              _Ty=Card
          ]
C:\Program Files\Microsoft Visual Studio\2022\Enterprise\VC\Tools\MSVC\14.37.32822\include\iterator(489,17): message : or       'bool std::operator ==(const std::istreambuf_iterator<_Elem,_Traits> &,const std::istreambuf_iterator<_Elem,_Traits> &)'
C:\Users\user\Documents\GitHub\CPEEndOfTerm\CPEEndOfTerm\CPEEndOfTerm\main.cpp(315,19): message : 'bool std::operator ==(const std::istreambuf_iterator<_Elem,_Traits> &,const std::istreambuf_iterator<_Elem,_Traits> &)': could not deduce template argument for 'const std::istreambuf_iterator<_Elem,_Traits> &' from '_Ty'
          with
          [
              _Ty=Card
          ]
C:\Program Files\Microsoft Visual Studio\2022\Enterprise\VC\Tools\MSVC\14.37.32822\include\iterator(307,17): message : or       'bool std::operator ==(const std::istream_iterator<_Ty,_Elem,_Traits,_Diff> &,const std::istream_iterator<_Ty,_Elem,_Traits,_Diff> &) noexcept'
C:\Users\user\Documents\GitHub\CPEEndOfTerm\CPEEndOfTerm\CPEEndOfTerm\main.cpp(315,19): message : 'bool std::operator ==(const std::istream_iterator<_Ty,_Elem,_Traits,_Diff> &,const std::istream_iterator<_Ty,_Elem,_Traits,_Diff> &) noexcept': could not deduce template argument for 'const std::istream_iterator<_Ty,_Elem,_Traits,_Diff> &' from '_Ty'
          with
          [
              _Ty=Card
          ]
C:\Program Files\Microsoft Visual Studio\2022\Enterprise\VC\Tools\MSVC\14.37.32822\include\xutility(4264,5): message : or       'bool std::operator ==(const std::move_iterator<_Iter> &,const std::move_iterator<_Iter2> &) noexcept(<expr>)'
C:\Users\user\Documents\GitHub\CPEEndOfTerm\CPEEndOfTerm\CPEEndOfTerm\main.cpp(315,19): message : 'bool std::operator ==(const std::move_iterator<_Iter> &,const std::move_iterator<_Iter2> &) noexcept(<expr>)': could not deduce template argument for 'const std::move_iterator<_Iter> &' from '_Ty'
          with
          [
              _Ty=Card
          ]
C:\Program Files\Microsoft Visual Studio\2022\Enterprise\VC\Tools\MSVC\14.37.32822\include\xutility(1656,5): message : or       'bool std::operator ==(const std::reverse_iterator<_BidIt> &,const std::reverse_iterator<_BidIt2> &) noexcept(<expr>)'
C:\Users\user\Documents\GitHub\CPEEndOfTerm\CPEEndOfTerm\CPEEndOfTerm\main.cpp(315,19): message : 'bool std::operator ==(const std::reverse_iterator<_BidIt> &,const std::reverse_iterator<_BidIt2> &) noexcept(<expr>)': could not deduce template argument for 'const std::reverse_iterator<_BidIt> &' from '_Ty'
          with
          [
              _Ty=Card
          ]
C:\Program Files\Microsoft Visual Studio\2022\Enterprise\VC\Tools\MSVC\14.37.32822\include\utility(482,27): message : or       'bool std::operator ==(const std::pair<_Ty1,_Ty2> &,const std::pair<_Uty1,_Uty2> &)'
C:\Users\user\Documents\GitHub\CPEEndOfTerm\CPEEndOfTerm\CPEEndOfTerm\main.cpp(315,19): message : 'bool std::operator ==(const std::pair<_Ty1,_Ty2> &,const std::pair<_Uty1,_Uty2> &)': could not deduce template argument for 'const std::pair<_Ty1,_Ty2> &' from '_Ty'
          with
          [
              _Ty=Card
          ]
C:\Users\user\Documents\GitHub\CPEEndOfTerm\CPEEndOfTerm\CPEEndOfTerm\main.cpp(331,17): error C2440: '=': cannot convert from '_Ty' to 'int'
          with
          [
              _Ty=Card
          ]
C:\Users\user\Documents\GitHub\CPEEndOfTerm\CPEEndOfTerm\CPEEndOfTerm\main.cpp(331,17): message : No user-defined-conversion operator available that can perform this conversion, or the operator cannot be called
C:\Users\user\Documents\GitHub\CPEEndOfTerm\CPEEndOfTerm\CPEEndOfTerm\main.cpp(334,21): error C2676: binary '==': '_Ty' does not define this operator or a conversion to a type acceptable to the predefined operator
          with
          [
              _Ty=Card
          ]
C:\Program Files\Microsoft Visual Studio\2022\Enterprise\VC\Tools\MSVC\14.37.32822\include\vector(2221,30): message : could be 'bool std::operator ==(const std::vector<_Ty,_Alloc> &,const std::vector<_Ty,_Alloc> &)'
C:\Users\user\Documents\GitHub\CPEEndOfTerm\CPEEndOfTerm\CPEEndOfTerm\main.cpp(334,19): message : 'bool std::operator ==(const std::vector<_Ty,_Alloc> &,const std::vector<_Ty,_Alloc> &)': could not deduce template argument for 'const std::vector<_Ty,_Alloc> &' from '_Ty'
          with
          [
              _Ty=Card
          ]
C:\Program Files\Microsoft Visual Studio\2022\Enterprise\VC\Tools\MSVC\14.37.32822\include\memory(3567,17): message : or       'bool std::operator ==(std::nullptr_t,const std::unique_ptr<_Ty,_Dx> &) noexcept'
C:\Users\user\Documents\GitHub\CPEEndOfTerm\CPEEndOfTerm\CPEEndOfTerm\main.cpp(334,19): message : 'bool std::operator ==(std::nullptr_t,const std::unique_ptr<_Ty,_Dx> &) noexcept': could not deduce template argument for 'const std::unique_ptr<_Ty,_Dx> &' from 'int'
C:\Program Files\Microsoft Visual Studio\2022\Enterprise\VC\Tools\MSVC\14.37.32822\include\memory(3561,30): message : or       'bool std::operator ==(const std::unique_ptr<_Ty,_Dx> &,std::nullptr_t) noexcept'
C:\Users\user\Documents\GitHub\CPEEndOfTerm\CPEEndOfTerm\CPEEndOfTerm\main.cpp(334,19): message : 'bool std::operator ==(const std::unique_ptr<_Ty,_Dx> &,std::nullptr_t) noexcept': could not deduce template argument for 'const std::unique_ptr<_Ty,_Dx> &' from '_Ty'
          with
          [
              _Ty=Card
          ]
C:\Program Files\Microsoft Visual Studio\2022\Enterprise\VC\Tools\MSVC\14.37.32822\include\memory(3513,30): message : or       'bool std::operator ==(const std::unique_ptr<_Ty,_Dx> &,const std::unique_ptr<_Ty2,_Dx2> &)'
C:\Users\user\Documents\GitHub\CPEEndOfTerm\CPEEndOfTerm\CPEEndOfTerm\main.cpp(334,19): message : 'bool std::operator ==(const std::unique_ptr<_Ty,_Dx> &,const std::unique_ptr<_Ty2,_Dx2> &)': could not deduce template argument for 'const std::unique_ptr<_Ty,_Dx> &' from '_Ty'
          with
          [
              _Ty=Card
          ]
C:\Program Files\Microsoft Visual Studio\2022\Enterprise\VC\Tools\MSVC\14.37.32822\include\memory(1932,17): message : or       'bool std::operator ==(std::nullptr_t,const std::shared_ptr<_Ty> &) noexcept'
C:\Users\user\Documents\GitHub\CPEEndOfTerm\CPEEndOfTerm\CPEEndOfTerm\main.cpp(334,19): message : 'bool std::operator ==(std::nullptr_t,const std::shared_ptr<_Ty> &) noexcept': could not deduce template argument for 'const std::shared_ptr<_Ty> &' from 'int'
C:\Program Files\Microsoft Visual Studio\2022\Enterprise\VC\Tools\MSVC\14.37.32822\include\memory(1921,17): message : or       'bool std::operator ==(const std::shared_ptr<_Ty> &,std::nullptr_t) noexcept'
C:\Users\user\Documents\GitHub\CPEEndOfTerm\CPEEndOfTerm\CPEEndOfTerm\main.cpp(334,19): message : 'bool std::operator ==(const std::shared_ptr<_Ty> &,std::nullptr_t) noexcept': could not deduce template argument for 'const std::shared_ptr<_Ty> &' from '_Ty'
          with
          [
              _Ty=Card
          ]
C:\Program Files\Microsoft Visual Studio\2022\Enterprise\VC\Tools\MSVC\14.37.32822\include\memory(1879,17): message : or       'bool std::operator ==(const std::shared_ptr<_Ty> &,const std::shared_ptr<_Ty0> &) noexcept'
C:\Users\user\Documents\GitHub\CPEEndOfTerm\CPEEndOfTerm\CPEEndOfTerm\main.cpp(334,19): message : 'bool std::operator ==(const std::shared_ptr<_Ty> &,const std::shared_ptr<_Ty0> &) noexcept': could not deduce template argument for 'const std::shared_ptr<_Ty> &' from '_Ty'
          with
          [
              _Ty=Card
          ]
C:\Program Files\Microsoft Visual Studio\2022\Enterprise\VC\Tools\MSVC\14.37.32822\include\xstring(5034,17): message : or       'bool std::operator ==(const _Elem *const ,const std::basic_string<_Elem,_Traits,_Alloc> &)'
C:\Users\user\Documents\GitHub\CPEEndOfTerm\CPEEndOfTerm\CPEEndOfTerm\main.cpp(334,19): message : 'bool std::operator ==(const _Elem *const ,const std::basic_string<_Elem,_Traits,_Alloc> &)': could not deduce template argument for 'const _Elem *const ' from '_Ty'
          with
          [
              _Ty=Card
          ]
C:\Program Files\Microsoft Visual Studio\2022\Enterprise\VC\Tools\MSVC\14.37.32822\include\xstring(5015,30): message : or       'bool std::operator ==(const std::basic_string<_Elem,_Traits,_Alloc> &,const _Elem *const )'
C:\Users\user\Documents\GitHub\CPEEndOfTerm\CPEEndOfTerm\CPEEndOfTerm\main.cpp(334,19): message : 'bool std::operator ==(const std::basic_string<_Elem,_Traits,_Alloc> &,const _Elem *const )': could not deduce template argument for 'const std::basic_string<_Elem,_Traits,_Alloc> &' from '_Ty'
          with
          [
              _Ty=Card
          ]
C:\Program Files\Microsoft Visual Studio\2022\Enterprise\VC\Tools\MSVC\14.37.32822\include\xstring(5009,30): message : or       'bool std::operator ==(const std::basic_string<_Elem,_Traits,_Alloc> &,const std::basic_string<_Elem,_Traits,_Alloc> &) noexcept'
C:\Users\user\Documents\GitHub\CPEEndOfTerm\CPEEndOfTerm\CPEEndOfTerm\main.cpp(334,19): message : 'bool std::operator ==(const std::basic_string<_Elem,_Traits,_Alloc> &,const std::basic_string<_Elem,_Traits,_Alloc> &) noexcept': could not deduce template argument for 'const std::basic_string<_Elem,_Traits,_Alloc> &' from '_Ty'
          with
          [
              _Ty=Card
          ]
C:\Program Files\Microsoft Visual Studio\2022\Enterprise\VC\Tools\MSVC\14.37.32822\include\xmemory(1034,30): message : or       'bool std::operator ==(const std::allocator<_Ty> &,const std::allocator<_Other> &) noexcept'
C:\Users\user\Documents\GitHub\CPEEndOfTerm\CPEEndOfTerm\CPEEndOfTerm\main.cpp(334,19): message : 'bool std::operator ==(const std::allocator<_Ty> &,const std::allocator<_Other> &) noexcept': could not deduce template argument for 'const std::allocator<_Ty> &' from '_Ty'
          with
          [
              _Ty=Card
          ]
C:\Program Files\Microsoft Visual Studio\2022\Enterprise\VC\Tools\MSVC\14.37.32822\include\iterator(489,17): message : or       'bool std::operator ==(const std::istreambuf_iterator<_Elem,_Traits> &,const std::istreambuf_iterator<_Elem,_Traits> &)'
C:\Users\user\Documents\GitHub\CPEEndOfTerm\CPEEndOfTerm\CPEEndOfTerm\main.cpp(334,19): message : 'bool std::operator ==(const std::istreambuf_iterator<_Elem,_Traits> &,const std::istreambuf_iterator<_Elem,_Traits> &)': could not deduce template argument for 'const std::istreambuf_iterator<_Elem,_Traits> &' from '_Ty'
          with
          [
              _Ty=Card
          ]
C:\Program Files\Microsoft Visual Studio\2022\Enterprise\VC\Tools\MSVC\14.37.32822\include\iterator(307,17): message : or       'bool std::operator ==(const std::istream_iterator<_Ty,_Elem,_Traits,_Diff> &,const std::istream_iterator<_Ty,_Elem,_Traits,_Diff> &) noexcept'
C:\Users\user\Documents\GitHub\CPEEndOfTerm\CPEEndOfTerm\CPEEndOfTerm\main.cpp(334,19): message : 'bool std::operator ==(const std::istream_iterator<_Ty,_Elem,_Traits,_Diff> &,const std::istream_iterator<_Ty,_Elem,_Traits,_Diff> &) noexcept': could not deduce template argument for 'const std::istream_iterator<_Ty,_Elem,_Traits,_Diff> &' from '_Ty'
          with
          [
              _Ty=Card
          ]
C:\Program Files\Microsoft Visual Studio\2022\Enterprise\VC\Tools\MSVC\14.37.32822\include\xutility(4264,5): message : or       'bool std::operator ==(const std::move_iterator<_Iter> &,const std::move_iterator<_Iter2> &) noexcept(<expr>)'
C:\Users\user\Documents\GitHub\CPEEndOfTerm\CPEEndOfTerm\CPEEndOfTerm\main.cpp(334,19): message : 'bool std::operator ==(const std::move_iterator<_Iter> &,const std::move_iterator<_Iter2> &) noexcept(<expr>)': could not deduce template argument for 'const std::move_iterator<_Iter> &' from '_Ty'
          with
          [
              _Ty=Card
          ]
C:\Program Files\Microsoft Visual Studio\2022\Enterprise\VC\Tools\MSVC\14.37.32822\include\xutility(1656,5): message : or       'bool std::operator ==(const std::reverse_iterator<_BidIt> &,const std::reverse_iterator<_BidIt2> &) noexcept(<expr>)'
C:\Users\user\Documents\GitHub\CPEEndOfTerm\CPEEndOfTerm\CPEEndOfTerm\main.cpp(334,19): message : 'bool std::operator ==(const std::reverse_iterator<_BidIt> &,const std::reverse_iterator<_BidIt2> &) noexcept(<expr>)': could not deduce template argument for 'const std::reverse_iterator<_BidIt> &' from '_Ty'
          with
          [
              _Ty=Card
          ]
C:\Program Files\Microsoft Visual Studio\2022\Enterprise\VC\Tools\MSVC\14.37.32822\include\utility(482,27): message : or       'bool std::operator ==(const std::pair<_Ty1,_Ty2> &,const std::pair<_Uty1,_Uty2> &)'
C:\Users\user\Documents\GitHub\CPEEndOfTerm\CPEEndOfTerm\CPEEndOfTerm\main.cpp(334,19): message : 'bool std::operator ==(const std::pair<_Ty1,_Ty2> &,const std::pair<_Uty1,_Uty2> &)': could not deduce template argument for 'const std::pair<_Ty1,_Ty2> &' from '_Ty'
          with
          [
              _Ty=Card
          ]
C:\Users\user\Documents\GitHub\CPEEndOfTerm\CPEEndOfTerm\CPEEndOfTerm\main.cpp(350,18): error C2440: '=': cannot convert from '_Ty' to 'int'
          with
          [
              _Ty=Card
          ]
C:\Users\user\Documents\GitHub\CPEEndOfTerm\CPEEndOfTerm\CPEEndOfTerm\main.cpp(350,18): message : No user-defined-conversion operator available that can perform this conversion, or the operator cannot be called
C:\Users\user\Documents\GitHub\CPEEndOfTerm\CPEEndOfTerm\CPEEndOfTerm\main.cpp(352,21): error C2676: binary '==': '_Ty' does not define this operator or a conversion to a type acceptable to the predefined operator
          with
          [
              _Ty=Card
          ]
C:\Program Files\Microsoft Visual Studio\2022\Enterprise\VC\Tools\MSVC\14.37.32822\include\vector(2221,30): message : could be 'bool std::operator ==(const std::vector<_Ty,_Alloc> &,const std::vector<_Ty,_Alloc> &)'
C:\Users\user\Documents\GitHub\CPEEndOfTerm\CPEEndOfTerm\CPEEndOfTerm\main.cpp(352,19): message : 'bool std::operator ==(const std::vector<_Ty,_Alloc> &,const std::vector<_Ty,_Alloc> &)': could not deduce template argument for 'const std::vector<_Ty,_Alloc> &' from '_Ty'
          with
          [
              _Ty=Card
          ]
C:\Program Files\Microsoft Visual Studio\2022\Enterprise\VC\Tools\MSVC\14.37.32822\include\memory(3567,17): message : or       'bool std::operator ==(std::nullptr_t,const std::unique_ptr<_Ty,_Dx> &) noexcept'
C:\Users\user\Documents\GitHub\CPEEndOfTerm\CPEEndOfTerm\CPEEndOfTerm\main.cpp(352,19): message : 'bool std::operator ==(std::nullptr_t,const std::unique_ptr<_Ty,_Dx> &) noexcept': could not deduce template argument for 'const std::unique_ptr<_Ty,_Dx> &' from 'int'
C:\Program Files\Microsoft Visual Studio\2022\Enterprise\VC\Tools\MSVC\14.37.32822\include\memory(3561,30): message : or       'bool std::operator ==(const std::unique_ptr<_Ty,_Dx> &,std::nullptr_t) noexcept'
C:\Users\user\Documents\GitHub\CPEEndOfTerm\CPEEndOfTerm\CPEEndOfTerm\main.cpp(352,19): message : 'bool std::operator ==(const std::unique_ptr<_Ty,_Dx> &,std::nullptr_t) noexcept': could not deduce template argument for 'const std::unique_ptr<_Ty,_Dx> &' from '_Ty'
          with
          [
              _Ty=Card
          ]
C:\Program Files\Microsoft Visual Studio\2022\Enterprise\VC\Tools\MSVC\14.37.32822\include\memory(3513,30): message : or       'bool std::operator ==(const std::unique_ptr<_Ty,_Dx> &,const std::unique_ptr<_Ty2,_Dx2> &)'
C:\Users\user\Documents\GitHub\CPEEndOfTerm\CPEEndOfTerm\CPEEndOfTerm\main.cpp(352,19): message : 'bool std::operator ==(const std::unique_ptr<_Ty,_Dx> &,const std::unique_ptr<_Ty2,_Dx2> &)': could not deduce template argument for 'const std::unique_ptr<_Ty,_Dx> &' from '_Ty'
          with
          [
              _Ty=Card
          ]
C:\Program Files\Microsoft Visual Studio\2022\Enterprise\VC\Tools\MSVC\14.37.32822\include\memory(1932,17): message : or       'bool std::operator ==(std::nullptr_t,const std::shared_ptr<_Ty> &) noexcept'
C:\Users\user\Documents\GitHub\CPEEndOfTerm\CPEEndOfTerm\CPEEndOfTerm\main.cpp(352,19): message : 'bool std::operator ==(std::nullptr_t,const std::shared_ptr<_Ty> &) noexcept': could not deduce template argument for 'const std::shared_ptr<_Ty> &' from 'int'
C:\Program Files\Microsoft Visual Studio\2022\Enterprise\VC\Tools\MSVC\14.37.32822\include\memory(1921,17): message : or       'bool std::operator ==(const std::shared_ptr<_Ty> &,std::nullptr_t) noexcept'
C:\Users\user\Documents\GitHub\CPEEndOfTerm\CPEEndOfTerm\CPEEndOfTerm\main.cpp(352,19): message : 'bool std::operator ==(const std::shared_ptr<_Ty> &,std::nullptr_t) noexcept': could not deduce template argument for 'const std::shared_ptr<_Ty> &' from '_Ty'
          with
          [
              _Ty=Card
          ]
C:\Program Files\Microsoft Visual Studio\2022\Enterprise\VC\Tools\MSVC\14.37.32822\include\memory(1879,17): message : or       'bool std::operator ==(const std::shared_ptr<_Ty> &,const std::shared_ptr<_Ty0> &) noexcept'
C:\Users\user\Documents\GitHub\CPEEndOfTerm\CPEEndOfTerm\CPEEndOfTerm\main.cpp(352,19): message : 'bool std::operator ==(const std::shared_ptr<_Ty> &,const std::shared_ptr<_Ty0> &) noexcept': could not deduce template argument for 'const std::shared_ptr<_Ty> &' from '_Ty'
          with
          [
              _Ty=Card
          ]
C:\Program Files\Microsoft Visual Studio\2022\Enterprise\VC\Tools\MSVC\14.37.32822\include\xstring(5034,17): message : or       'bool std::operator ==(const _Elem *const ,const std::basic_string<_Elem,_Traits,_Alloc> &)'
C:\Users\user\Documents\GitHub\CPEEndOfTerm\CPEEndOfTerm\CPEEndOfTerm\main.cpp(352,19): message : 'bool std::operator ==(const _Elem *const ,const std::basic_string<_Elem,_Traits,_Alloc> &)': could not deduce template argument for 'const _Elem *const ' from '_Ty'
          with
          [
              _Ty=Card
          ]
C:\Program Files\Microsoft Visual Studio\2022\Enterprise\VC\Tools\MSVC\14.37.32822\include\xstring(5015,30): message : or       'bool std::operator ==(const std::basic_string<_Elem,_Traits,_Alloc> &,const _Elem *const )'
C:\Users\user\Documents\GitHub\CPEEndOfTerm\CPEEndOfTerm\CPEEndOfTerm\main.cpp(352,19): message : 'bool std::operator ==(const std::basic_string<_Elem,_Traits,_Alloc> &,const _Elem *const )': could not deduce template argument for 'const std::basic_string<_Elem,_Traits,_Alloc> &' from '_Ty'
          with
          [
              _Ty=Card
          ]
C:\Program Files\Microsoft Visual Studio\2022\Enterprise\VC\Tools\MSVC\14.37.32822\include\xstring(5009,30): message : or       'bool std::operator ==(const std::basic_string<_Elem,_Traits,_Alloc> &,const std::basic_string<_Elem,_Traits,_Alloc> &) noexcept'
C:\Users\user\Documents\GitHub\CPEEndOfTerm\CPEEndOfTerm\CPEEndOfTerm\main.cpp(352,19): message : 'bool std::operator ==(const std::basic_string<_Elem,_Traits,_Alloc> &,const std::basic_string<_Elem,_Traits,_Alloc> &) noexcept': could not deduce template argument for 'const std::basic_string<_Elem,_Traits,_Alloc> &' from '_Ty'
          with
          [
              _Ty=Card
          ]
C:\Program Files\Microsoft Visual Studio\2022\Enterprise\VC\Tools\MSVC\14.37.32822\include\xmemory(1034,30): message : or       'bool std::operator ==(const std::allocator<_Ty> &,const std::allocator<_Other> &) noexcept'
C:\Users\user\Documents\GitHub\CPEEndOfTerm\CPEEndOfTerm\CPEEndOfTerm\main.cpp(352,19): message : 'bool std::operator ==(const std::allocator<_Ty> &,const std::allocator<_Other> &) noexcept': could not deduce template argument for 'const std::allocator<_Ty> &' from '_Ty'
          with
          [
              _Ty=Card
          ]
C:\Program Files\Microsoft Visual Studio\2022\Enterprise\VC\Tools\MSVC\14.37.32822\include\iterator(489,17): message : or       'bool std::operator ==(const std::istreambuf_iterator<_Elem,_Traits> &,const std::istreambuf_iterator<_Elem,_Traits> &)'
C:\Users\user\Documents\GitHub\CPEEndOfTerm\CPEEndOfTerm\CPEEndOfTerm\main.cpp(352,19): message : 'bool std::operator ==(const std::istreambuf_iterator<_Elem,_Traits> &,const std::istreambuf_iterator<_Elem,_Traits> &)': could not deduce template argument for 'const std::istreambuf_iterator<_Elem,_Traits> &' from '_Ty'
          with
          [
              _Ty=Card
          ]
C:\Program Files\Microsoft Visual Studio\2022\Enterprise\VC\Tools\MSVC\14.37.32822\include\iterator(307,17): message : or       'bool std::operator ==(const std::istream_iterator<_Ty,_Elem,_Traits,_Diff> &,const std::istream_iterator<_Ty,_Elem,_Traits,_Diff> &) noexcept'
C:\Users\user\Documents\GitHub\CPEEndOfTerm\CPEEndOfTerm\CPEEndOfTerm\main.cpp(352,19): message : 'bool std::operator ==(const std::istream_iterator<_Ty,_Elem,_Traits,_Diff> &,const std::istream_iterator<_Ty,_Elem,_Traits,_Diff> &) noexcept': could not deduce template argument for 'const std::istream_iterator<_Ty,_Elem,_Traits,_Diff> &' from '_Ty'
          with
          [
              _Ty=Card
          ]
C:\Program Files\Microsoft Visual Studio\2022\Enterprise\VC\Tools\MSVC\14.37.32822\include\xutility(4264,5): message : or       'bool std::operator ==(const std::move_iterator<_Iter> &,const std::move_iterator<_Iter2> &) noexcept(<expr>)'
C:\Users\user\Documents\GitHub\CPEEndOfTerm\CPEEndOfTerm\CPEEndOfTerm\main.cpp(352,19): message : 'bool std::operator ==(const std::move_iterator<_Iter> &,const std::move_iterator<_Iter2> &) noexcept(<expr>)': could not deduce template argument for 'const std::move_iterator<_Iter> &' from '_Ty'
          with
          [
              _Ty=Card
          ]
C:\Program Files\Microsoft Visual Studio\2022\Enterprise\VC\Tools\MSVC\14.37.32822\include\xutility(1656,5): message : or       'bool std::operator ==(const std::reverse_iterator<_BidIt> &,const std::reverse_iterator<_BidIt2> &) noexcept(<expr>)'
C:\Users\user\Documents\GitHub\CPEEndOfTerm\CPEEndOfTerm\CPEEndOfTerm\main.cpp(352,19): message : 'bool std::operator ==(const std::reverse_iterator<_BidIt> &,const std::reverse_iterator<_BidIt2> &) noexcept(<expr>)': could not deduce template argument for 'const std::reverse_iterator<_BidIt> &' from '_Ty'
          with
          [
              _Ty=Card
          ]
C:\Program Files\Microsoft Visual Studio\2022\Enterprise\VC\Tools\MSVC\14.37.32822\include\utility(482,27): message : or       'bool std::operator ==(const std::pair<_Ty1,_Ty2> &,const std::pair<_Uty1,_Uty2> &)'
C:\Users\user\Documents\GitHub\CPEEndOfTerm\CPEEndOfTerm\CPEEndOfTerm\main.cpp(352,19): message : 'bool std::operator ==(const std::pair<_Ty1,_Ty2> &,const std::pair<_Uty1,_Uty2> &)': could not deduce template argument for 'const std::pair<_Ty1,_Ty2> &' from '_Ty'
          with
          [
              _Ty=Card
          ]
C:\Users\user\Documents\GitHub\CPEEndOfTerm\CPEEndOfTerm\CPEEndOfTerm\main.cpp(368,17): error C2440: '=': cannot convert from '_Ty' to 'int'
          with
          [
              _Ty=Card
          ]
C:\Users\user\Documents\GitHub\CPEEndOfTerm\CPEEndOfTerm\CPEEndOfTerm\main.cpp(368,17): message : No user-defined-conversion operator available that can perform this conversion, or the operator cannot be called
C:\Users\user\Documents\GitHub\CPEEndOfTerm\CPEEndOfTerm\CPEEndOfTerm\main.cpp(371,21): error C2676: binary '==': '_Ty' does not define this operator or a conversion to a type acceptable to the predefined operator
          with
          [
              _Ty=Card
          ]
C:\Program Files\Microsoft Visual Studio\2022\Enterprise\VC\Tools\MSVC\14.37.32822\include\vector(2221,30): message : could be 'bool std::operator ==(const std::vector<_Ty,_Alloc> &,const std::vector<_Ty,_Alloc> &)'
C:\Users\user\Documents\GitHub\CPEEndOfTerm\CPEEndOfTerm\CPEEndOfTerm\main.cpp(371,19): message : 'bool std::operator ==(const std::vector<_Ty,_Alloc> &,const std::vector<_Ty,_Alloc> &)': could not deduce template argument for 'const std::vector<_Ty,_Alloc> &' from '_Ty'
          with
          [
              _Ty=Card
          ]
C:\Program Files\Microsoft Visual Studio\2022\Enterprise\VC\Tools\MSVC\14.37.32822\include\memory(3567,17): message : or       'bool std::operator ==(std::nullptr_t,const std::unique_ptr<_Ty,_Dx> &) noexcept'
C:\Users\user\Documents\GitHub\CPEEndOfTerm\CPEEndOfTerm\CPEEndOfTerm\main.cpp(371,19): message : 'bool std::operator ==(std::nullptr_t,const std::unique_ptr<_Ty,_Dx> &) noexcept': could not deduce template argument for 'const std::unique_ptr<_Ty,_Dx> &' from 'int'
C:\Program Files\Microsoft Visual Studio\2022\Enterprise\VC\Tools\MSVC\14.37.32822\include\memory(3561,30): message : or       'bool std::operator ==(const std::unique_ptr<_Ty,_Dx> &,std::nullptr_t) noexcept'
C:\Users\user\Documents\GitHub\CPEEndOfTerm\CPEEndOfTerm\CPEEndOfTerm\main.cpp(371,19): message : 'bool std::operator ==(const std::unique_ptr<_Ty,_Dx> &,std::nullptr_t) noexcept': could not deduce template argument for 'const std::unique_ptr<_Ty,_Dx> &' from '_Ty'
          with
          [
              _Ty=Card
          ]
C:\Program Files\Microsoft Visual Studio\2022\Enterprise\VC\Tools\MSVC\14.37.32822\include\memory(3513,30): message : or       'bool std::operator ==(const std::unique_ptr<_Ty,_Dx> &,const std::unique_ptr<_Ty2,_Dx2> &)'
C:\Users\user\Documents\GitHub\CPEEndOfTerm\CPEEndOfTerm\CPEEndOfTerm\main.cpp(371,19): message : 'bool std::operator ==(const std::unique_ptr<_Ty,_Dx> &,const std::unique_ptr<_Ty2,_Dx2> &)': could not deduce template argument for 'const std::unique_ptr<_Ty,_Dx> &' from '_Ty'
          with
          [
              _Ty=Card
          ]
C:\Program Files\Microsoft Visual Studio\2022\Enterprise\VC\Tools\MSVC\14.37.32822\include\memory(1932,17): message : or       'bool std::operator ==(std::nullptr_t,const std::shared_ptr<_Ty> &) noexcept'
C:\Users\user\Documents\GitHub\CPEEndOfTerm\CPEEndOfTerm\CPEEndOfTerm\main.cpp(371,19): message : 'bool std::operator ==(std::nullptr_t,const std::shared_ptr<_Ty> &) noexcept': could not deduce template argument for 'const std::shared_ptr<_Ty> &' from 'int'
C:\Program Files\Microsoft Visual Studio\2022\Enterprise\VC\Tools\MSVC\14.37.32822\include\memory(1921,17): message : or       'bool std::operator ==(const std::shared_ptr<_Ty> &,std::nullptr_t) noexcept'
C:\Users\user\Documents\GitHub\CPEEndOfTerm\CPEEndOfTerm\CPEEndOfTerm\main.cpp(371,19): message : 'bool std::operator ==(const std::shared_ptr<_Ty> &,std::nullptr_t) noexcept': could not deduce template argument for 'const std::shared_ptr<_Ty> &' from '_Ty'
          with
          [
              _Ty=Card
          ]
C:\Program Files\Microsoft Visual Studio\2022\Enterprise\VC\Tools\MSVC\14.37.32822\include\memory(1879,17): message : or       'bool std::operator ==(const std::shared_ptr<_Ty> &,const std::shared_ptr<_Ty0> &) noexcept'
C:\Users\user\Documents\GitHub\CPEEndOfTerm\CPEEndOfTerm\CPEEndOfTerm\main.cpp(371,19): message : 'bool std::operator ==(const std::shared_ptr<_Ty> &,const std::shared_ptr<_Ty0> &) noexcept': could not deduce template argument for 'const std::shared_ptr<_Ty> &' from '_Ty'
          with
          [
              _Ty=Card
          ]
C:\Program Files\Microsoft Visual Studio\2022\Enterprise\VC\Tools\MSVC\14.37.32822\include\xstring(5034,17): message : or       'bool std::operator ==(const _Elem *const ,const std::basic_string<_Elem,_Traits,_Alloc> &)'
C:\Users\user\Documents\GitHub\CPEEndOfTerm\CPEEndOfTerm\CPEEndOfTerm\main.cpp(371,19): message : 'bool std::operator ==(const _Elem *const ,const std::basic_string<_Elem,_Traits,_Alloc> &)': could not deduce template argument for 'const _Elem *const ' from '_Ty'
          with
          [
              _Ty=Card
          ]
C:\Program Files\Microsoft Visual Studio\2022\Enterprise\VC\Tools\MSVC\14.37.32822\include\xstring(5015,30): message : or       'bool std::operator ==(const std::basic_string<_Elem,_Traits,_Alloc> &,const _Elem *const )'
C:\Users\user\Documents\GitHub\CPEEndOfTerm\CPEEndOfTerm\CPEEndOfTerm\main.cpp(371,19): message : 'bool std::operator ==(const std::basic_string<_Elem,_Traits,_Alloc> &,const _Elem *const )': could not deduce template argument for 'const std::basic_string<_Elem,_Traits,_Alloc> &' from '_Ty'
          with
          [
              _Ty=Card
          ]
C:\Program Files\Microsoft Visual Studio\2022\Enterprise\VC\Tools\MSVC\14.37.32822\include\xstring(5009,30): message : or       'bool std::operator ==(const std::basic_string<_Elem,_Traits,_Alloc> &,const std::basic_string<_Elem,_Traits,_Alloc> &) noexcept'
C:\Users\user\Documents\GitHub\CPEEndOfTerm\CPEEndOfTerm\CPEEndOfTerm\main.cpp(371,19): message : 'bool std::operator ==(const std::basic_string<_Elem,_Traits,_Alloc> &,const std::basic_string<_Elem,_Traits,_Alloc> &) noexcept': could not deduce template argument for 'const std::basic_string<_Elem,_Traits,_Alloc> &' from '_Ty'
          with
          [
              _Ty=Card
          ]
C:\Program Files\Microsoft Visual Studio\2022\Enterprise\VC\Tools\MSVC\14.37.32822\include\xmemory(1034,30): message : or       'bool std::operator ==(const std::allocator<_Ty> &,const std::allocator<_Other> &) noexcept'
C:\Users\user\Documents\GitHub\CPEEndOfTerm\CPEEndOfTerm\CPEEndOfTerm\main.cpp(371,19): message : 'bool std::operator ==(const std::allocator<_Ty> &,const std::allocator<_Other> &) noexcept': could not deduce template argument for 'const std::allocator<_Ty> &' from '_Ty'
          with
          [
              _Ty=Card
          ]
C:\Program Files\Microsoft Visual Studio\2022\Enterprise\VC\Tools\MSVC\14.37.32822\include\iterator(489,17): message : or       'bool std::operator ==(const std::istreambuf_iterator<_Elem,_Traits> &,const std::istreambuf_iterator<_Elem,_Traits> &)'
C:\Users\user\Documents\GitHub\CPEEndOfTerm\CPEEndOfTerm\CPEEndOfTerm\main.cpp(371,19): message : 'bool std::operator ==(const std::istreambuf_iterator<_Elem,_Traits> &,const std::istreambuf_iterator<_Elem,_Traits> &)': could not deduce template argument for 'const std::istreambuf_iterator<_Elem,_Traits> &' from '_Ty'
          with
          [
              _Ty=Card
          ]
C:\Program Files\Microsoft Visual Studio\2022\Enterprise\VC\Tools\MSVC\14.37.32822\include\iterator(307,17): message : or       'bool std::operator ==(const std::istream_iterator<_Ty,_Elem,_Traits,_Diff> &,const std::istream_iterator<_Ty,_Elem,_Traits,_Diff> &) noexcept'
C:\Users\user\Documents\GitHub\CPEEndOfTerm\CPEEndOfTerm\CPEEndOfTerm\main.cpp(371,19): message : 'bool std::operator ==(const std::istream_iterator<_Ty,_Elem,_Traits,_Diff> &,const std::istream_iterator<_Ty,_Elem,_Traits,_Diff> &) noexcept': could not deduce template argument for 'const std::istream_iterator<_Ty,_Elem,_Traits,_Diff> &' from '_Ty'
          with
          [
              _Ty=Card
          ]
C:\Program Files\Microsoft Visual Studio\2022\Enterprise\VC\Tools\MSVC\14.37.32822\include\xutility(4264,5): message : or       'bool std::operator ==(const std::move_iterator<_Iter> &,const std::move_iterator<_Iter2> &) noexcept(<expr>)'
C:\Users\user\Documents\GitHub\CPEEndOfTerm\CPEEndOfTerm\CPEEndOfTerm\main.cpp(371,19): message : 'bool std::operator ==(const std::move_iterator<_Iter> &,const std::move_iterator<_Iter2> &) noexcept(<expr>)': could not deduce template argument for 'const std::move_iterator<_Iter> &' from '_Ty'
          with
          [
              _Ty=Card
          ]
C:\Program Files\Microsoft Visual Studio\2022\Enterprise\VC\Tools\MSVC\14.37.32822\include\xutility(1656,5): message : or       'bool std::operator ==(const std::reverse_iterator<_BidIt> &,const std::reverse_iterator<_BidIt2> &) noexcept(<expr>)'
C:\Users\user\Documents\GitHub\CPEEndOfTerm\CPEEndOfTerm\CPEEndOfTerm\main.cpp(371,19): message : 'bool std::operator ==(const std::reverse_iterator<_BidIt> &,const std::reverse_iterator<_BidIt2> &) noexcept(<expr>)': could not deduce template argument for 'const std::reverse_iterator<_BidIt> &' from '_Ty'
          with
          [
              _Ty=Card
          ]
C:\Program Files\Microsoft Visual Studio\2022\Enterprise\VC\Tools\MSVC\14.37.32822\include\utility(482,27): message : or       'bool std::operator ==(const std::pair<_Ty1,_Ty2> &,const std::pair<_Uty1,_Uty2> &)'
C:\Users\user\Documents\GitHub\CPEEndOfTerm\CPEEndOfTerm\CPEEndOfTerm\main.cpp(371,19): message : 'bool std::operator ==(const std::pair<_Ty1,_Ty2> &,const std::pair<_Uty1,_Uty2> &)': could not deduce template argument for 'const std::pair<_Ty1,_Ty2> &' from '_Ty'
          with
          [
              _Ty=Card
          ]
C:\Users\user\Documents\GitHub\CPEEndOfTerm\CPEEndOfTerm\CPEEndOfTerm\main.cpp(428,13): warning C4244: 'argument': conversion from 'time_t' to 'unsigned int', possible loss of data
